-------------------------------------------------------------------------------
Test set: com.leyou.search.client.GoodsApiTest
-------------------------------------------------------------------------------
Tests run: 3, Failures: 0, Errors: 3, Skipped: 0, Time elapsed: 31.558 s <<< FAILURE! - in com.leyou.search.client.GoodsApiTest
buildGoods(com.leyou.search.client.GoodsApiTest)  Time elapsed: 6.152 s  <<< ERROR!
java.lang.RuntimeException: com.netflix.client.ClientException: Load balancer does not have available server for client: item
	at com.leyou.search.client.GoodsApiTest.buildGoods(GoodsApiTest.java:58)
Caused by: com.netflix.client.ClientException: Load balancer does not have available server for client: item
	at com.leyou.search.client.GoodsApiTest.buildGoods(GoodsApiTest.java:58)

querySkuBySpuId(com.leyou.search.client.GoodsApiTest)  Time elapsed: 0 s  <<< ERROR!
java.lang.RuntimeException: com.netflix.client.ClientException: Load balancer does not have available server for client: item
	at com.leyou.search.client.GoodsApiTest.querySkuBySpuId(GoodsApiTest.java:39)
Caused by: com.netflix.client.ClientException: Load balancer does not have available server for client: item
	at com.leyou.search.client.GoodsApiTest.querySkuBySpuId(GoodsApiTest.java:39)

createElasticsearchIndex(com.leyou.search.client.GoodsApiTest)  Time elapsed: 0.009 s  <<< ERROR!
org.elasticsearch.client.transport.NoNodeAvailableException: None of the configured nodes are available: [{#transport#-1}{hMNgBmiXQKKtIMu0wlfBmA}{127.0.0.1}{127.0.0.1:9300}]
	at com.leyou.search.client.GoodsApiTest.createElasticsearchIndex(GoodsApiTest.java:45)

