<?xml version="1.0" encoding="UTF-8"?>
<testsuite xmlns:xsi="http://www.w3.org/2001/XMLSchema-instance" xsi:noNamespaceSchemaLocation="https://maven.apache.org/surefire/maven-surefire-plugin/xsd/surefire-test-report.xsd" name="com.leyou.search.client.GoodsApiTest" time="31.558" tests="3" errors="3" skipped="0" failures="0">
  <properties>
[...]
</properties>
  <testcase name="buildGoods" classname="com.leyou.search.client.GoodsApiTest" time="6.152">
    <error message="com.netflix.client.ClientException: Load balancer does not have available server for client: item" type="java.lang.RuntimeException">java.lang.RuntimeException: com.netflix.client.ClientException: Load balancer does not have available server for client: item
	at com.leyou.search.client.GoodsApiTest.buildGoods(GoodsApiTest.java:58)
Caused by: com.netflix.client.ClientException: Load balancer does not have available server for client: item
	at com.leyou.search.client.GoodsApiTest.buildGoods(GoodsApiTest.java:58)
</error>
    <system-out><![CDATA[21:23:44.374 [main] DEBUG org.springframework.test.context.junit4.SpringJUnit4ClassRunner - SpringJUnit4ClassRunner constructor called with [class com.leyou.search.client.GoodsApiTest]
21:23:44.384 [main] DEBUG org.springframework.test.context.BootstrapUtils - Instantiating CacheAwareContextLoaderDelegate from class [org.springframework.test.context.cache.DefaultCacheAwareContextLoaderDelegate]
21:23:44.396 [main] DEBUG org.springframework.test.context.BootstrapUtils - Instantiating BootstrapContext using constructor [public org.springframework.test.context.support.DefaultBootstrapContext(java.lang.Class,org.springframework.test.context.CacheAwareContextLoaderDelegate)]
21:23:44.427 [main] DEBUG org.springframework.test.context.BootstrapUtils - Instantiating TestContextBootstrapper for test class [com.leyou.search.client.GoodsApiTest] from class [org.springframework.boot.test.context.SpringBootTestContextBootstrapper]
21:23:44.451 [main] INFO org.springframework.boot.test.context.SpringBootTestContextBootstrapper - Neither @ContextConfiguration nor @ContextHierarchy found for test class [com.leyou.search.client.GoodsApiTest], using SpringBootContextLoader
21:23:44.459 [main] DEBUG org.springframework.test.context.support.AbstractContextLoader - Did not detect default resource location for test class [com.leyou.search.client.GoodsApiTest]: class path resource [com/leyou/search/client/GoodsApiTest-context.xml] does not exist
21:23:44.460 [main] DEBUG org.springframework.test.context.support.AbstractContextLoader - Did not detect default resource location for test class [com.leyou.search.client.GoodsApiTest]: class path resource [com/leyou/search/client/GoodsApiTestContext.groovy] does not exist
21:23:44.460 [main] INFO org.springframework.test.context.support.AbstractContextLoader - Could not detect default resource locations for test class [com.leyou.search.client.GoodsApiTest]: no resource found for suffixes {-context.xml, Context.groovy}.
21:23:44.539 [main] DEBUG org.springframework.test.context.support.ActiveProfilesUtils - Could not find an 'annotation declaring class' for annotation type [org.springframework.test.context.ActiveProfiles] and class [com.leyou.search.client.GoodsApiTest]
21:23:44.804 [main] DEBUG org.springframework.boot.test.context.SpringBootTestContextBootstrapper - @TestExecutionListeners is not present for class [com.leyou.search.client.GoodsApiTest]: using defaults.
21:23:44.804 [main] INFO org.springframework.boot.test.context.SpringBootTestContextBootstrapper - Loaded default TestExecutionListener class names from location [META-INF/spring.factories]: [org.springframework.boot.test.mock.mockito.MockitoTestExecutionListener, org.springframework.boot.test.mock.mockito.ResetMocksTestExecutionListener, org.springframework.boot.test.autoconfigure.restdocs.RestDocsTestExecutionListener, org.springframework.boot.test.autoconfigure.web.client.MockRestServiceServerResetTestExecutionListener, org.springframework.boot.test.autoconfigure.web.servlet.MockMvcPrintOnlyOnFailureTestExecutionListener, org.springframework.boot.test.autoconfigure.web.servlet.WebDriverTestExecutionListener, org.springframework.test.context.web.ServletTestExecutionListener, org.springframework.test.context.support.DirtiesContextBeforeModesTestExecutionListener, org.springframework.test.context.support.DependencyInjectionTestExecutionListener, org.springframework.test.context.support.DirtiesContextTestExecutionListener, org.springframework.test.context.transaction.TransactionalTestExecutionListener, org.springframework.test.context.jdbc.SqlScriptsTestExecutionListener]
21:23:44.831 [main] INFO org.springframework.boot.test.context.SpringBootTestContextBootstrapper - Using TestExecutionListeners: [org.springframework.test.context.web.ServletTestExecutionListener@776b83cc, org.springframework.test.context.support.DirtiesContextBeforeModesTestExecutionListener@37858383, org.springframework.boot.test.mock.mockito.MockitoTestExecutionListener@4e268090, org.springframework.boot.test.autoconfigure.SpringBootDependencyInjectionTestExecutionListener@1bb266b3, org.springframework.test.context.support.DirtiesContextTestExecutionListener@306cf3ea, org.springframework.test.context.transaction.TransactionalTestExecutionListener@2beee7ff, org.springframework.test.context.jdbc.SqlScriptsTestExecutionListener@5136d012, org.springframework.boot.test.mock.mockito.ResetMocksTestExecutionListener@5939a379, org.springframework.boot.test.autoconfigure.restdocs.RestDocsTestExecutionListener@e1de817, org.springframework.boot.test.autoconfigure.web.client.MockRestServiceServerResetTestExecutionListener@52102734, org.springframework.boot.test.autoconfigure.web.servlet.MockMvcPrintOnlyOnFailureTestExecutionListener@3541cb24, org.springframework.boot.test.autoconfigure.web.servlet.WebDriverTestExecutionListener@2177849e]
21:23:44.837 [main] DEBUG org.springframework.test.annotation.ProfileValueUtils - Retrieved @ProfileValueSourceConfiguration [null] for test class [com.leyou.search.client.GoodsApiTest]
21:23:44.838 [main] DEBUG org.springframework.test.annotation.ProfileValueUtils - Retrieved ProfileValueSource type [class org.springframework.test.annotation.SystemProfileValueSource] for class [com.leyou.search.client.GoodsApiTest]
21:23:44.844 [main] DEBUG org.springframework.test.annotation.ProfileValueUtils - Retrieved @ProfileValueSourceConfiguration [null] for test class [com.leyou.search.client.GoodsApiTest]
21:23:44.845 [main] DEBUG org.springframework.test.annotation.ProfileValueUtils - Retrieved ProfileValueSource type [class org.springframework.test.annotation.SystemProfileValueSource] for class [com.leyou.search.client.GoodsApiTest]
21:23:44.847 [main] DEBUG org.springframework.test.annotation.ProfileValueUtils - Retrieved @ProfileValueSourceConfiguration [null] for test class [com.leyou.search.client.GoodsApiTest]
21:23:44.850 [main] DEBUG org.springframework.test.annotation.ProfileValueUtils - Retrieved ProfileValueSource type [class org.springframework.test.annotation.SystemProfileValueSource] for class [com.leyou.search.client.GoodsApiTest]
21:23:44.858 [main] DEBUG org.springframework.test.context.support.AbstractDirtiesContextTestExecutionListener - Before test class: context [DefaultTestContext@68c72235 testClass = GoodsApiTest, testInstance = [null], testMethod = [null], testException = [null], mergedContextConfiguration = [WebMergedContextConfiguration@10959ece testClass = GoodsApiTest, locations = '{}', classes = '{class com.leyou.search.LeyouSearchApplication, class com.leyou.search.LeyouSearchApplication}', contextInitializerClasses = '[]', activeProfiles = '{}', propertySourceLocations = '{}', propertySourceProperties = '{org.springframework.boot.test.context.SpringBootTestContextBootstrapper=true}', contextCustomizers = set[org.springframework.boot.test.context.filter.ExcludeFilterContextCustomizer@44a664f2, org.springframework.boot.test.json.DuplicateJsonObjectContextCustomizerFactory$DuplicateJsonObjectContextCustomizer@6328d34a, org.springframework.boot.test.mock.mockito.MockitoContextCustomizer@0, org.springframework.boot.test.web.client.TestRestTemplateContextCustomizer@35083305, org.springframework.boot.test.autoconfigure.properties.PropertyMappingContextCustomizer@0, org.springframework.boot.test.autoconfigure.web.servlet.WebDriverContextCustomizerFactory$Customizer@212bf671], resourceBasePath = 'src/main/webapp', contextLoader = 'org.springframework.boot.test.context.SpringBootContextLoader', parent = [null]], attributes = map['org.springframework.test.context.web.ServletTestExecutionListener.activateListener' -> true]], class annotated with @DirtiesContext [false] with mode [null].
21:23:44.867 [main] DEBUG org.springframework.test.annotation.ProfileValueUtils - Retrieved @ProfileValueSourceConfiguration [null] for test class [com.leyou.search.client.GoodsApiTest]
21:23:44.868 [main] DEBUG org.springframework.test.annotation.ProfileValueUtils - Retrieved ProfileValueSource type [class org.springframework.test.annotation.SystemProfileValueSource] for class [com.leyou.search.client.GoodsApiTest]
21:23:44.922 [main] DEBUG org.springframework.core.env.StandardEnvironment - Adding PropertySource 'systemProperties' with lowest search precedence
21:23:44.923 [main] DEBUG org.springframework.core.env.StandardEnvironment - Adding PropertySource 'systemEnvironment' with lowest search precedence
21:23:44.923 [main] DEBUG org.springframework.core.env.StandardEnvironment - Initialized StandardEnvironment with PropertySources [MapPropertySource@1478150312 {name='systemProperties', properties={idea.version=2021.2.2, java.runtime.name=Java(TM) SE Runtime Environment, sun.boot.library.path=D:\Java\jdk1.8.0_221\jre\bin, java.vm.version=25.221-b11, java.vm.vendor=Oracle Corporation, java.vendor.url=http://java.oracle.com/, path.separator=;, java.vm.name=Java HotSpot(TM) 64-Bit Server VM, file.encoding.pkg=sun.io, user.country=CN, user.script=, sun.java.launcher=SUN_STANDARD, sun.os.patch.level=, java.vm.specification.name=Java Virtual Machine Specification, user.dir=F:\code\leyou\leyou-search, java.runtime.version=1.8.0_221-b11, basedir=F:\code\leyou\leyou-search, java.awt.graphicsenv=sun.awt.Win32GraphicsEnvironment, java.endorsed.dirs=D:\Java\jdk1.8.0_221\jre\lib\endorsed, os.arch=amd64, surefire.real.class.path=C:\Users\xx\AppData\Local\Temp\surefire7472537155295108055\surefirebooter2829981178330706387.jar, java.io.tmpdir=C:\Users\xx\AppData\Local\Temp\, line.separator=
, java.vm.specification.vendor=Oracle Corporation, user.variant=, os.name=Windows 10, sun.jnu.encoding=GBK, java.library.path=D:\Java\jdk1.8.0_221\jre\bin;C:\WINDOWS\Sun\Java\bin;C:\WINDOWS\system32;C:\WINDOWS;C:\WINDOWS\system32;C:\WINDOWS;C:\WINDOWS\System32\Wbem;C:\WINDOWS\System32\WindowsPowerShell\v1.0\;C:\WINDOWS\System32\OpenSSH\;C:\Program Files\NVIDIA Corporation\NVIDIA NvDLISR;C:\Program Files (x86)\NVIDIA Corporation\PhysX\Common;C:\WINDOWS\system32;C:\WINDOWS;C:\WINDOWS\System32\Wbem;C:\WINDOWS\System32\WindowsPowerShell\v1.0\;C:\WINDOWS\System32\OpenSSH\;D:\Java\jdk1.8.0_221\bin;D:\Java\MySQL\bin;D:\Java\apache-maven-3.6.3\bin;D:\Java\Git\cmd;D:\Java\bin;D:\Java\MySQL\MySQL Server 5.5\bin;D:\Java\nodejs\;C:\Users\xx\AppData\Local\Microsoft\WindowsApps;C:\Program Files\Bandizip\;C:\Users\xx\AppData\Roaming\npm;., surefire.test.class.path=F:\code\leyou\leyou-search\target\test-classes;F:\code\leyou\leyou-search\target\classes;D:\Java\localmaven\org\springframework\boot\spring-boot-starter-amqp\2.0.6.RELEASE\spring-boot-starter-amqp-2.0.6.RELEASE.jar;D:\Java\localmaven\org\springframework\boot\spring-boot-starter\2.0.6.RELEASE\spring-boot-starter-2.0.6.RELEASE.jar;D:\Java\localmaven\org\springframework\boot\spring-boot\2.0.6.RELEASE\spring-boot-2.0.6.RELEASE.jar;D:\Java\localmaven\org\springframework\boot\spring-boot-autoconfigure\2.0.6.RELEASE\spring-boot-autoconfigure-2.0.6.RELEASE.jar;D:\Java\localmaven\org\springframework\boot\spring-boot-starter-logging\2.0.6.RELEASE\spring-boot-starter-logging-2.0.6.RELEASE.jar;D:\Java\localmaven\ch\qos\logback\logback-classic\1.2.3\logback-classic-1.2.3.jar;D:\Java\localmaven\ch\qos\logback\logback-core\1.2.3\logback-core-1.2.3.jar;D:\Java\localmaven\org\slf4j\jul-to-slf4j\1.7.25\jul-to-slf4j-1.7.25.jar;D:\Java\localmaven\javax\annotation\javax.annotation-api\1.3.2\javax.annotation-api-1.3.2.jar;D:\Java\localmaven\org\yaml\snakeyaml\1.19\snakeyaml-1.19.jar;D:\Java\localmaven\org\springframework\spring-messaging\5.0.10.RELEASE\spring-messaging-5.0.10.RELEASE.jar;D:\Java\localmaven\org\springframework\spring-beans\5.0.10.RELEASE\spring-beans-5.0.10.RELEASE.jar;D:\Java\localmaven\org\springframework\amqp\spring-rabbit\2.0.8.RELEASE\spring-rabbit-2.0.8.RELEASE.jar;D:\Java\localmaven\org\springframework\amqp\spring-amqp\2.0.8.RELEASE\spring-amqp-2.0.8.RELEASE.jar;D:\Java\localmaven\org\springframework\retry\spring-retry\1.2.2.RELEASE\spring-retry-1.2.2.RELEASE.jar;D:\Java\localmaven\com\rabbitmq\amqp-client\5.4.3\amqp-client-5.4.3.jar;D:\Java\localmaven\org\springframework\spring-context\5.0.10.RELEASE\spring-context-5.0.10.RELEASE.jar;D:\Java\localmaven\org\springframework\spring-tx\5.0.10.RELEASE\spring-tx-5.0.10.RELEASE.jar;F:\code\leyou\leyou-item\leyou-item-interface\target\leyou-item-interface-1.0.0-SNAPSHOT.jar;D:\Java\localmaven\org\springframework\spring-webmvc\5.0.10.RELEASE\spring-webmvc-5.0.10.RELEASE.jar;D:\Java\localmaven\org\springframework\spring-aop\5.0.10.RELEASE\spring-aop-5.0.10.RELEASE.jar;D:\Java\localmaven\org\springframework\spring-expression\5.0.10.RELEASE\spring-expression-5.0.10.RELEASE.jar;F:\code\leyou\leyou-common\target\leyou-common-1.0.0-SNAPSHOT.jar;D:\Java\localmaven\org\apache\logging\log4j\log4j-to-slf4j\2.10.0\log4j-to-slf4j-2.10.0.jar;D:\Java\localmaven\org\slf4j\slf4j-api\1.7.25\slf4j-api-1.7.25.jar;D:\Java\localmaven\org\apache\logging\log4j\log4j-api\2.10.0\log4j-api-2.10.0.jar;D:\Java\localmaven\org\apache\commons\commons-lang3\3.7\commons-lang3-3.7.jar;D:\Java\localmaven\org\springframework\boot\spring-boot-starter-web\2.0.6.RELEASE\spring-boot-starter-web-2.0.6.RELEASE.jar;D:\Java\localmaven\org\springframework\boot\spring-boot-starter-json\2.0.6.RELEASE\spring-boot-starter-json-2.0.6.RELEASE.jar;D:\Java\localmaven\com\fasterxml\jackson\core\jackson-databind\2.9.7\jackson-databind-2.9.7.jar;D:\Java\localmaven\com\fasterxml\jackson\datatype\jackson-datatype-jdk8\2.9.7\jackson-datatype-jdk8-2.9.7.jar;D:\Java\localmaven\com\fasterxml\jackson\datatype\jackson-datatype-jsr310\2.9.7\jackson-datatype-jsr310-2.9.7.jar;D:\Java\localmaven\com\fasterxml\jackson\module\jackson-module-parameter-names\2.9.7\jackson-module-parameter-names-2.9.7.jar;D:\Java\localmaven\org\springframework\boot\spring-boot-starter-tomcat\2.0.6.RELEASE\spring-boot-starter-tomcat-2.0.6.RELEASE.jar;D:\Java\localmaven\org\apache\tomcat\embed\tomcat-embed-core\8.5.34\tomcat-embed-core-8.5.34.jar;D:\Java\localmaven\org\apache\tomcat\embed\tomcat-embed-el\8.5.34\tomcat-embed-el-8.5.34.jar;D:\Java\localmaven\org\apache\tomcat\embed\tomcat-embed-websocket\8.5.34\tomcat-embed-websocket-8.5.34.jar;D:\Java\localmaven\org\hibernate\validator\hibernate-validator\6.0.13.Final\hibernate-validator-6.0.13.Final.jar;D:\Java\localmaven\javax\validation\validation-api\2.0.1.Final\validation-api-2.0.1.Final.jar;D:\Java\localmaven\org\jboss\logging\jboss-logging\3.3.2.Final\jboss-logging-3.3.2.Final.jar;D:\Java\localmaven\com\fasterxml\classmate\1.3.4\classmate-1.3.4.jar;D:\Java\localmaven\org\springframework\spring-web\5.0.10.RELEASE\spring-web-5.0.10.RELEASE.jar;D:\Java\localmaven\org\springframework\boot\spring-boot-starter-data-elasticsearch\2.0.6.RELEASE\spring-boot-starter-data-elasticsearch-2.0.6.RELEASE.jar;D:\Java\localmaven\org\springframework\data\spring-data-elasticsearch\3.0.11.RELEASE\spring-data-elasticsearch-3.0.11.RELEASE.jar;D:\Java\localmaven\org\springframework\data\spring-data-commons\2.0.11.RELEASE\spring-data-commons-2.0.11.RELEASE.jar;D:\Java\localmaven\joda-time\joda-time\2.9.9\joda-time-2.9.9.jar;D:\Java\localmaven\org\elasticsearch\client\transport\5.6.12\transport-5.6.12.jar;D:\Java\localmaven\org\elasticsearch\elasticsearch\5.6.12\elasticsearch-5.6.12.jar;D:\Java\localmaven\org\apache\lucene\lucene-core\6.6.1\lucene-core-6.6.1.jar;D:\Java\localmaven\org\apache\lucene\lucene-analyzers-common\6.6.1\lucene-analyzers-common-6.6.1.jar;D:\Java\localmaven\org\apache\lucene\lucene-backward-codecs\6.6.1\lucene-backward-codecs-6.6.1.jar;D:\Java\localmaven\org\apache\lucene\lucene-grouping\6.6.1\lucene-grouping-6.6.1.jar;D:\Java\localmaven\org\apache\lucene\lucene-highlighter\6.6.1\lucene-highlighter-6.6.1.jar;D:\Java\localmaven\org\apache\lucene\lucene-join\6.6.1\lucene-join-6.6.1.jar;D:\Java\localmaven\org\apache\lucene\lucene-memory\6.6.1\lucene-memory-6.6.1.jar;D:\Java\localmaven\org\apache\lucene\lucene-misc\6.6.1\lucene-misc-6.6.1.jar;D:\Java\localmaven\org\apache\lucene\lucene-queries\6.6.1\lucene-queries-6.6.1.jar;D:\Java\localmaven\org\apache\lucene\lucene-queryparser\6.6.1\lucene-queryparser-6.6.1.jar;D:\Java\localmaven\org\apache\lucene\lucene-sandbox\6.6.1\lucene-sandbox-6.6.1.jar;D:\Java\localmaven\org\apache\lucene\lucene-spatial\6.6.1\lucene-spatial-6.6.1.jar;D:\Java\localmaven\org\apache\lucene\lucene-spatial-extras\6.6.1\lucene-spatial-extras-6.6.1.jar;D:\Java\localmaven\org\apache\lucene\lucene-spatial3d\6.6.1\lucene-spatial3d-6.6.1.jar;D:\Java\localmaven\org\apache\lucene\lucene-suggest\6.6.1\lucene-suggest-6.6.1.jar;D:\Java\localmaven\org\elasticsearch\securesm\1.2\securesm-1.2.jar;D:\Java\localmaven\net\sf\jopt-simple\jopt-simple\5.0.2\jopt-simple-5.0.2.jar;D:\Java\localmaven\com\carrotsearch\hppc\0.7.1\hppc-0.7.1.jar;D:\Java\localmaven\com\fasterxml\jackson\dataformat\jackson-dataformat-smile\2.9.7\jackson-dataformat-smile-2.9.7.jar;D:\Java\localmaven\com\fasterxml\jackson\dataformat\jackson-dataformat-yaml\2.9.7\jackson-dataformat-yaml-2.9.7.jar;D:\Java\localmaven\com\fasterxml\jackson\dataformat\jackson-dataformat-cbor\2.9.7\jackson-dataformat-cbor-2.9.7.jar;D:\Java\localmaven\com\tdunning\t-digest\3.0\t-digest-3.0.jar;D:\Java\localmaven\org\elasticsearch\plugin\reindex-client\5.6.12\reindex-client-5.6.12.jar;D:\Java\localmaven\org\elasticsearch\client\elasticsearch-rest-client\5.6.12\elasticsearch-rest-client-5.6.12.jar;D:\Java\localmaven\org\apache\httpcomponents\httpasyncclient\4.1.4\httpasyncclient-4.1.4.jar;D:\Java\localmaven\org\apache\httpcomponents\httpcore-nio\4.4.10\httpcore-nio-4.4.10.jar;D:\Java\localmaven\org\elasticsearch\plugin\lang-mustache-client\5.6.12\lang-mustache-client-5.6.12.jar;D:\Java\localmaven\com\github\spullara\mustache\java\compiler\0.9.3\compiler-0.9.3.jar;D:\Java\localmaven\org\elasticsearch\plugin\percolator-client\5.6.12\percolator-client-5.6.12.jar;D:\Java\localmaven\org\elasticsearch\plugin\parent-join-client\5.6.12\parent-join-client-5.6.12.jar;D:\Java\localmaven\org\elasticsearch\plugin\transport-netty4-client\5.6.12\transport-netty4-client-5.6.12.jar;D:\Java\localmaven\io\netty\netty-buffer\4.1.29.Final\netty-buffer-4.1.29.Final.jar;D:\Java\localmaven\io\netty\netty-codec\4.1.29.Final\netty-codec-4.1.29.Final.jar;D:\Java\localmaven\io\netty\netty-codec-http\4.1.29.Final\netty-codec-http-4.1.29.Final.jar;D:\Java\localmaven\io\netty\netty-common\4.1.29.Final\netty-common-4.1.29.Final.jar;D:\Java\localmaven\io\netty\netty-handler\4.1.29.Final\netty-handler-4.1.29.Final.jar;D:\Java\localmaven\io\netty\netty-resolver\4.1.29.Final\netty-resolver-4.1.29.Final.jar;D:\Java\localmaven\io\netty\netty-transport\4.1.29.Final\netty-transport-4.1.29.Final.jar;D:\Java\localmaven\org\locationtech\spatial4j\spatial4j\0.6\spatial4j-0.6.jar;D:\Java\localmaven\com\vividsolutions\jts\1.13\jts-1.13.jar;D:\Java\localmaven\org\elasticsearch\jna\4.4.0-1\jna-4.4.0-1.jar;D:\Java\localmaven\com\fasterxml\jackson\core\jackson-core\2.9.7\jackson-core-2.9.7.jar;D:\Java\localmaven\org\springframework\cloud\spring-cloud-starter-netflix-eureka-client\2.0.2.RELEASE\spring-cloud-starter-netflix-eureka-client-2.0.2.RELEASE.jar;D:\Java\localmaven\org\springframework\cloud\spring-cloud-starter\2.0.2.RELEASE\spring-cloud-starter-2.0.2.RELEASE.jar;D:\Java\localmaven\org\springframework\cloud\spring-cloud-context\2.0.2.RELEASE\spring-cloud-context-2.0.2.RELEASE.jar;D:\Java\localmaven\org\springframework\security\spring-security-rsa\1.0.7.RELEASE\spring-security-rsa-1.0.7.RELEASE.jar;D:\Java\localmaven\org\bouncycastle\bcpkix-jdk15on\1.60\bcpkix-jdk15on-1.60.jar;D:\Java\localmaven\org\bouncycastle\bcprov-jdk15on\1.60\bcprov-jdk15on-1.60.jar;D:\Java\localmaven\org\springframework\cloud\spring-cloud-netflix-core\2.0.2.RELEASE\spring-cloud-netflix-core-2.0.2.RELEASE.jar;D:\Java\localmaven\org\springframework\boot\spring-boot-starter-aop\2.0.6.RELEASE\spring-boot-starter-aop-2.0.6.RELEASE.jar;D:\Java\localmaven\org\aspectj\aspectjweaver\1.8.13\aspectjweaver-1.8.13.jar;D:\Java\localmaven\org\springframework\cloud\spring-cloud-netflix-eureka-client\2.0.2.RELEASE\spring-cloud-netflix-eureka-client-2.0.2.RELEASE.jar;D:\Java\localmaven\com\netflix\eureka\eureka-client\1.9.3\eureka-client-1.9.3.jar;D:\Java\localmaven\org\codehaus\jettison\jettison\1.3.7\jettison-1.3.7.jar;D:\Java\localmaven\stax\stax-api\1.0.1\stax-api-1.0.1.jar;D:\Java\localmaven\com\netflix\netflix-commons\netflix-eventbus\0.3.0\netflix-eventbus-0.3.0.jar;D:\Java\localmaven\com\netflix\netflix-commons\netflix-infix\0.3.0\netflix-infix-0.3.0.jar;D:\Java\localmaven\commons-jxpath\commons-jxpath\1.3\commons-jxpath-1.3.jar;D:\Java\localmaven\org\antlr\antlr-runtime\3.4\antlr-runtime-3.4.jar;D:\Java\localmaven\org\antlr\stringtemplate\3.2.1\stringtemplate-3.2.1.jar;D:\Java\localmaven\antlr\antlr\2.7.7\antlr-2.7.7.jar;D:\Java\localmaven\com\google\code\gson\gson\2.8.5\gson-2.8.5.jar;D:\Java\localmaven\org\apache\commons\commons-math\2.2\commons-math-2.2.jar;D:\Java\localmaven\com\netflix\archaius\archaius-core\0.7.6\archaius-core-0.7.6.jar;D:\Java\localmaven\com\google\guava\guava\16.0\guava-16.0.jar;D:\Java\localmaven\javax\ws\rs\jsr311-api\1.1.1\jsr311-api-1.1.1.jar;D:\Java\localmaven\com\netflix\servo\servo-core\0.12.21\servo-core-0.12.21.jar;D:\Java\localmaven\com\sun\jersey\jersey-core\1.19.1\jersey-core-1.19.1.jar;D:\Java\localmaven\com\sun\jersey\jersey-client\1.19.1\jersey-client-1.19.1.jar;D:\Java\localmaven\com\sun\jersey\contribs\jersey-apache-client4\1.19.1\jersey-apache-client4-1.19.1.jar;D:\Java\localmaven\org\apache\httpcomponents\httpclient\4.5.6\httpclient-4.5.6.jar;D:\Java\localmaven\org\apache\httpcomponents\httpcore\4.4.10\httpcore-4.4.10.jar;D:\Java\localmaven\commons-codec\commons-codec\1.11\commons-codec-1.11.jar;D:\Java\localmaven\com\google\inject\guice\4.1.0\guice-4.1.0.jar;D:\Java\localmaven\javax\inject\javax.inject\1\javax.inject-1.jar;D:\Java\localmaven\aopalliance\aopalliance\1.0\aopalliance-1.0.jar;D:\Java\localmaven\com\github\vlsi\compactmap\compactmap\1.2.1\compactmap-1.2.1.jar;D:\Java\localmaven\com\github\andrewoma\dexx\dexx-collections\0.2\dexx-collections-0.2.jar;D:\Java\localmaven\com\fasterxml\jackson\core\jackson-annotations\2.9.0\jackson-annotations-2.9.0.jar;D:\Java\localmaven\com\netflix\eureka\eureka-core\1.9.3\eureka-core-1.9.3.jar;D:\Java\localmaven\org\codehaus\woodstox\woodstox-core-asl\4.4.1\woodstox-core-asl-4.4.1.jar;D:\Java\localmaven\javax\xml\stream\stax-api\1.0-2\stax-api-1.0-2.jar;D:\Java\localmaven\org\codehaus\woodstox\stax2-api\3.1.4\stax2-api-3.1.4.jar;D:\Java\localmaven\org\springframework\cloud\spring-cloud-starter-netflix-archaius\2.0.2.RELEASE\spring-cloud-starter-netflix-archaius-2.0.2.RELEASE.jar;D:\Java\localmaven\org\springframework\cloud\spring-cloud-netflix-ribbon\2.0.2.RELEASE\spring-cloud-netflix-ribbon-2.0.2.RELEASE.jar;D:\Java\localmaven\org\springframework\cloud\spring-cloud-netflix-archaius\2.0.2.RELEASE\spring-cloud-netflix-archaius-2.0.2.RELEASE.jar;D:\Java\localmaven\commons-configuration\commons-configuration\1.8\commons-configuration-1.8.jar;D:\Java\localmaven\commons-lang\commons-lang\2.6\commons-lang-2.6.jar;D:\Java\localmaven\org\springframework\cloud\spring-cloud-starter-netflix-ribbon\2.0.2.RELEASE\spring-cloud-starter-netflix-ribbon-2.0.2.RELEASE.jar;D:\Java\localmaven\com\netflix\ribbon\ribbon\2.2.5\ribbon-2.2.5.jar;D:\Java\localmaven\com\netflix\ribbon\ribbon-transport\2.2.5\ribbon-transport-2.2.5.jar;D:\Java\localmaven\io\reactivex\rxnetty-contexts\0.4.9\rxnetty-contexts-0.4.9.jar;D:\Java\localmaven\io\reactivex\rxnetty-servo\0.4.9\rxnetty-servo-0.4.9.jar;D:\Java\localmaven\io\reactivex\rxnetty\0.4.9\rxnetty-0.4.9.jar;D:\Java\localmaven\com\netflix\ribbon\ribbon-core\2.2.5\ribbon-core-2.2.5.jar;D:\Java\localmaven\com\netflix\ribbon\ribbon-httpclient\2.2.5\ribbon-httpclient-2.2.5.jar;D:\Java\localmaven\commons-collections\commons-collections\3.2.2\commons-collections-3.2.2.jar;D:\Java\localmaven\com\netflix\netflix-commons\netflix-commons-util\0.3.0\netflix-commons-util-0.3.0.jar;D:\Java\localmaven\com\netflix\ribbon\ribbon-loadbalancer\2.2.5\ribbon-loadbalancer-2.2.5.jar;D:\Java\localmaven\com\netflix\netflix-commons\netflix-statistics\0.1.1\netflix-statistics-0.1.1.jar;D:\Java\localmaven\io\reactivex\rxjava\1.3.8\rxjava-1.3.8.jar;D:\Java\localmaven\com\netflix\ribbon\ribbon-eureka\2.2.5\ribbon-eureka-2.2.5.jar;D:\Java\localmaven\com\thoughtworks\xstream\xstream\1.4.10\xstream-1.4.10.jar;D:\Java\localmaven\xmlpull\xmlpull\1.1.3.1\xmlpull-1.1.3.1.jar;D:\Java\localmaven\xpp3\xpp3_min\1.1.4c\xpp3_min-1.1.4c.jar;D:\Java\localmaven\org\springframework\cloud\spring-cloud-starter-openfeign\2.0.2.RELEASE\spring-cloud-starter-openfeign-2.0.2.RELEASE.jar;D:\Java\localmaven\org\springframework\cloud\spring-cloud-openfeign-core\2.0.2.RELEASE\spring-cloud-openfeign-core-2.0.2.RELEASE.jar;D:\Java\localmaven\io\github\openfeign\form\feign-form-spring\3.3.0\feign-form-spring-3.3.0.jar;D:\Java\localmaven\io\github\openfeign\form\feign-form\3.3.0\feign-form-3.3.0.jar;D:\Java\localmaven\com\google\code\findbugs\annotations\3.0.1\annotations-3.0.1.jar;D:\Java\localmaven\net\jcip\jcip-annotations\1.0\jcip-annotations-1.0.jar;D:\Java\localmaven\com\google\code\findbugs\jsr305\3.0.1\jsr305-3.0.1.jar;D:\Java\localmaven\commons-fileupload\commons-fileupload\1.3.3\commons-fileupload-1.3.3.jar;D:\Java\localmaven\commons-io\commons-io\2.2\commons-io-2.2.jar;D:\Java\localmaven\org\springframework\cloud\spring-cloud-commons\2.0.2.RELEASE\spring-cloud-commons-2.0.2.RELEASE.jar;D:\Java\localmaven\org\springframework\security\spring-security-crypto\5.0.9.RELEASE\spring-security-crypto-5.0.9.RELEASE.jar;D:\Java\localmaven\io\github\openfeign\feign-core\9.7.0\feign-core-9.7.0.jar;D:\Java\localmaven\io\github\openfeign\feign-slf4j\9.7.0\feign-slf4j-9.7.0.jar;D:\Java\localmaven\io\github\openfeign\feign-hystrix\9.7.0\feign-hystrix-9.7.0.jar;D:\Java\localmaven\com\netflix\hystrix\hystrix-core\1.5.12\hystrix-core-1.5.12.jar;D:\Java\localmaven\org\hdrhistogram\HdrHistogram\2.1.9\HdrHistogram-2.1.9.jar;D:\Java\localmaven\io\github\openfeign\feign-java8\9.7.0\feign-java8-9.7.0.jar;D:\Java\localmaven\org\springframework\boot\spring-boot-starter-test\2.0.6.RELEASE\spring-boot-starter-test-2.0.6.RELEASE.jar;D:\Java\localmaven\org\springframework\boot\spring-boot-test\2.0.6.RELEASE\spring-boot-test-2.0.6.RELEASE.jar;D:\Java\localmaven\org\springframework\boot\spring-boot-test-autoconfigure\2.0.6.RELEASE\spring-boot-test-autoconfigure-2.0.6.RELEASE.jar;D:\Java\localmaven\com\jayway\jsonpath\json-path\2.4.0\json-path-2.4.0.jar;D:\Java\localmaven\net\minidev\json-smart\2.3\json-smart-2.3.jar;D:\Java\localmaven\net\minidev\accessors-smart\1.2\accessors-smart-1.2.jar;D:\Java\localmaven\org\ow2\asm\asm\5.0.4\asm-5.0.4.jar;D:\Java\localmaven\junit\junit\4.12\junit-4.12.jar;D:\Java\localmaven\org\assertj\assertj-core\3.9.1\assertj-core-3.9.1.jar;D:\Java\localmaven\org\mockito\mockito-core\2.15.0\mockito-core-2.15.0.jar;D:\Java\localmaven\net\bytebuddy\byte-buddy\1.7.11\byte-buddy-1.7.11.jar;D:\Java\localmaven\net\bytebuddy\byte-buddy-agent\1.7.11\byte-buddy-agent-1.7.11.jar;D:\Java\localmaven\org\objenesis\objenesis\2.6\objenesis-2.6.jar;D:\Java\localmaven\org\hamcrest\hamcrest-core\1.3\hamcrest-core-1.3.jar;D:\Java\localmaven\org\hamcrest\hamcrest-library\1.3\hamcrest-library-1.3.jar;D:\Java\localmaven\org\skyscreamer\jsonassert\1.5.0\jsonassert-1.5.0.jar;D:\Java\localmaven\com\vaadin\external\google\android-json\0.0.20131108.vaadin1\android-json-0.0.20131108.vaadin1.jar;D:\Java\localmaven\org\springframework\spring-core\5.0.10.RELEASE\spring-core-5.0.10.RELEASE.jar;D:\Java\localmaven\org\springframework\spring-jcl\5.0.10.RELEASE\spring-jcl-5.0.10.RELEASE.jar;D:\Java\localmaven\org\springframework\spring-test\5.0.10.RELEASE\spring-test-5.0.10.RELEASE.jar;D:\Java\localmaven\org\xmlunit\xmlunit-core\2.5.1\xmlunit-core-2.5.1.jar;D:\Java\localmaven\org\jetbrains\annotations\22.0.0\annotations-22.0.0.jar;, java.specification.name=Java Platform API Specification, java.class.version=52.0, sun.management.compiler=HotSpot 64-Bit Tiered Compilers, maven.repo.local=D:\Java\localmaven, os.version=10.0, user.home=C:\Users\xx, user.timezone=Asia/Shanghai, java.awt.printerjob=sun.awt.windows.WPrinterJob, file.encoding=GBK, java.specification.version=1.8, java.class.path=F:\code\leyou\leyou-search\target\test-classes;F:\code\leyou\leyou-search\target\classes;D:\Java\localmaven\org\springframework\boot\spring-boot-starter-amqp\2.0.6.RELEASE\spring-boot-starter-amqp-2.0.6.RELEASE.jar;D:\Java\localmaven\org\springframework\boot\spring-boot-starter\2.0.6.RELEASE\spring-boot-starter-2.0.6.RELEASE.jar;D:\Java\localmaven\org\springframework\boot\spring-boot\2.0.6.RELEASE\spring-boot-2.0.6.RELEASE.jar;D:\Java\localmaven\org\springframework\boot\spring-boot-autoconfigure\2.0.6.RELEASE\spring-boot-autoconfigure-2.0.6.RELEASE.jar;D:\Java\localmaven\org\springframework\boot\spring-boot-starter-logging\2.0.6.RELEASE\spring-boot-starter-logging-2.0.6.RELEASE.jar;D:\Java\localmaven\ch\qos\logback\logback-classic\1.2.3\logback-classic-1.2.3.jar;D:\Java\localmaven\ch\qos\logback\logback-core\1.2.3\logback-core-1.2.3.jar;D:\Java\localmaven\org\slf4j\jul-to-slf4j\1.7.25\jul-to-slf4j-1.7.25.jar;D:\Java\localmaven\javax\annotation\javax.annotation-api\1.3.2\javax.annotation-api-1.3.2.jar;D:\Java\localmaven\org\yaml\snakeyaml\1.19\snakeyaml-1.19.jar;D:\Java\localmaven\org\springframework\spring-messaging\5.0.10.RELEASE\spring-messaging-5.0.10.RELEASE.jar;D:\Java\localmaven\org\springframework\spring-beans\5.0.10.RELEASE\spring-beans-5.0.10.RELEASE.jar;D:\Java\localmaven\org\springframework\amqp\spring-rabbit\2.0.8.RELEASE\spring-rabbit-2.0.8.RELEASE.jar;D:\Java\localmaven\org\springframework\amqp\spring-amqp\2.0.8.RELEASE\spring-amqp-2.0.8.RELEASE.jar;D:\Java\localmaven\org\springframework\retry\spring-retry\1.2.2.RELEASE\spring-retry-1.2.2.RELEASE.jar;D:\Java\localmaven\com\rabbitmq\amqp-client\5.4.3\amqp-client-5.4.3.jar;D:\Java\localmaven\org\springframework\spring-context\5.0.10.RELEASE\spring-context-5.0.10.RELEASE.jar;D:\Java\localmaven\org\springframework\spring-tx\5.0.10.RELEASE\spring-tx-5.0.10.RELEASE.jar;F:\code\leyou\leyou-item\leyou-item-interface\target\leyou-item-interface-1.0.0-SNAPSHOT.jar;D:\Java\localmaven\org\springframework\spring-webmvc\5.0.10.RELEASE\spring-webmvc-5.0.10.RELEASE.jar;D:\Java\localmaven\org\springframework\spring-aop\5.0.10.RELEASE\spring-aop-5.0.10.RELEASE.jar;D:\Java\localmaven\org\springframework\spring-expression\5.0.10.RELEASE\spring-expression-5.0.10.RELEASE.jar;F:\code\leyou\leyou-common\target\leyou-common-1.0.0-SNAPSHOT.jar;D:\Java\localmaven\org\apache\logging\log4j\log4j-to-slf4j\2.10.0\log4j-to-slf4j-2.10.0.jar;D:\Java\localmaven\org\slf4j\slf4j-api\1.7.25\slf4j-api-1.7.25.jar;D:\Java\localmaven\org\apache\logging\log4j\log4j-api\2.10.0\log4j-api-2.10.0.jar;D:\Java\localmaven\org\apache\commons\commons-lang3\3.7\commons-lang3-3.7.jar;D:\Java\localmaven\org\springframework\boot\spring-boot-starter-web\2.0.6.RELEASE\spring-boot-starter-web-2.0.6.RELEASE.jar;D:\Java\localmaven\org\springframework\boot\spring-boot-starter-json\2.0.6.RELEASE\spring-boot-starter-json-2.0.6.RELEASE.jar;D:\Java\localmaven\com\fasterxml\jackson\core\jackson-databind\2.9.7\jackson-databind-2.9.7.jar;D:\Java\localmaven\com\fasterxml\jackson\datatype\jackson-datatype-jdk8\2.9.7\jackson-datatype-jdk8-2.9.7.jar;D:\Java\localmaven\com\fasterxml\jackson\datatype\jackson-datatype-jsr310\2.9.7\jackson-datatype-jsr310-2.9.7.jar;D:\Java\localmaven\com\fasterxml\jackson\module\jackson-module-parameter-names\2.9.7\jackson-module-parameter-names-2.9.7.jar;D:\Java\localmaven\org\springframework\boot\spring-boot-starter-tomcat\2.0.6.RELEASE\spring-boot-starter-tomcat-2.0.6.RELEASE.jar;D:\Java\localmaven\org\apache\tomcat\embed\tomcat-embed-core\8.5.34\tomcat-embed-core-8.5.34.jar;D:\Java\localmaven\org\apache\tomcat\embed\tomcat-embed-el\8.5.34\tomcat-embed-el-8.5.34.jar;D:\Java\localmaven\org\apache\tomcat\embed\tomcat-embed-websocket\8.5.34\tomcat-embed-websocket-8.5.34.jar;D:\Java\localmaven\org\hibernate\validator\hibernate-validator\6.0.13.Final\hibernate-validator-6.0.13.Final.jar;D:\Java\localmaven\javax\validation\validation-api\2.0.1.Final\validation-api-2.0.1.Final.jar;D:\Java\localmaven\org\jboss\logging\jboss-logging\3.3.2.Final\jboss-logging-3.3.2.Final.jar;D:\Java\localmaven\com\fasterxml\classmate\1.3.4\classmate-1.3.4.jar;D:\Java\localmaven\org\springframework\spring-web\5.0.10.RELEASE\spring-web-5.0.10.RELEASE.jar;D:\Java\localmaven\org\springframework\boot\spring-boot-starter-data-elasticsearch\2.0.6.RELEASE\spring-boot-starter-data-elasticsearch-2.0.6.RELEASE.jar;D:\Java\localmaven\org\springframework\data\spring-data-elasticsearch\3.0.11.RELEASE\spring-data-elasticsearch-3.0.11.RELEASE.jar;D:\Java\localmaven\org\springframework\data\spring-data-commons\2.0.11.RELEASE\spring-data-commons-2.0.11.RELEASE.jar;D:\Java\localmaven\joda-time\joda-time\2.9.9\joda-time-2.9.9.jar;D:\Java\localmaven\org\elasticsearch\client\transport\5.6.12\transport-5.6.12.jar;D:\Java\localmaven\org\elasticsearch\elasticsearch\5.6.12\elasticsearch-5.6.12.jar;D:\Java\localmaven\org\apache\lucene\lucene-core\6.6.1\lucene-core-6.6.1.jar;D:\Java\localmaven\org\apache\lucene\lucene-analyzers-common\6.6.1\lucene-analyzers-common-6.6.1.jar;D:\Java\localmaven\org\apache\lucene\lucene-backward-codecs\6.6.1\lucene-backward-codecs-6.6.1.jar;D:\Java\localmaven\org\apache\lucene\lucene-grouping\6.6.1\lucene-grouping-6.6.1.jar;D:\Java\localmaven\org\apache\lucene\lucene-highlighter\6.6.1\lucene-highlighter-6.6.1.jar;D:\Java\localmaven\org\apache\lucene\lucene-join\6.6.1\lucene-join-6.6.1.jar;D:\Java\localmaven\org\apache\lucene\lucene-memory\6.6.1\lucene-memory-6.6.1.jar;D:\Java\localmaven\org\apache\lucene\lucene-misc\6.6.1\lucene-misc-6.6.1.jar;D:\Java\localmaven\org\apache\lucene\lucene-queries\6.6.1\lucene-queries-6.6.1.jar;D:\Java\localmaven\org\apache\lucene\lucene-queryparser\6.6.1\lucene-queryparser-6.6.1.jar;D:\Java\localmaven\org\apache\lucene\lucene-sandbox\6.6.1\lucene-sandbox-6.6.1.jar;D:\Java\localmaven\org\apache\lucene\lucene-spatial\6.6.1\lucene-spatial-6.6.1.jar;D:\Java\localmaven\org\apache\lucene\lucene-spatial-extras\6.6.1\lucene-spatial-extras-6.6.1.jar;D:\Java\localmaven\org\apache\lucene\lucene-spatial3d\6.6.1\lucene-spatial3d-6.6.1.jar;D:\Java\localmaven\org\apache\lucene\lucene-suggest\6.6.1\lucene-suggest-6.6.1.jar;D:\Java\localmaven\org\elasticsearch\securesm\1.2\securesm-1.2.jar;D:\Java\localmaven\net\sf\jopt-simple\jopt-simple\5.0.2\jopt-simple-5.0.2.jar;D:\Java\localmaven\com\carrotsearch\hppc\0.7.1\hppc-0.7.1.jar;D:\Java\localmaven\com\fasterxml\jackson\dataformat\jackson-dataformat-smile\2.9.7\jackson-dataformat-smile-2.9.7.jar;D:\Java\localmaven\com\fasterxml\jackson\dataformat\jackson-dataformat-yaml\2.9.7\jackson-dataformat-yaml-2.9.7.jar;D:\Java\localmaven\com\fasterxml\jackson\dataformat\jackson-dataformat-cbor\2.9.7\jackson-dataformat-cbor-2.9.7.jar;D:\Java\localmaven\com\tdunning\t-digest\3.0\t-digest-3.0.jar;D:\Java\localmaven\org\elasticsearch\plugin\reindex-client\5.6.12\reindex-client-5.6.12.jar;D:\Java\localmaven\org\elasticsearch\client\elasticsearch-rest-client\5.6.12\elasticsearch-rest-client-5.6.12.jar;D:\Java\localmaven\org\apache\httpcomponents\httpasyncclient\4.1.4\httpasyncclient-4.1.4.jar;D:\Java\localmaven\org\apache\httpcomponents\httpcore-nio\4.4.10\httpcore-nio-4.4.10.jar;D:\Java\localmaven\org\elasticsearch\plugin\lang-mustache-client\5.6.12\lang-mustache-client-5.6.12.jar;D:\Java\localmaven\com\github\spullara\mustache\java\compiler\0.9.3\compiler-0.9.3.jar;D:\Java\localmaven\org\elasticsearch\plugin\percolator-client\5.6.12\percolator-client-5.6.12.jar;D:\Java\localmaven\org\elasticsearch\plugin\parent-join-client\5.6.12\parent-join-client-5.6.12.jar;D:\Java\localmaven\org\elasticsearch\plugin\transport-netty4-client\5.6.12\transport-netty4-client-5.6.12.jar;D:\Java\localmaven\io\netty\netty-buffer\4.1.29.Final\netty-buffer-4.1.29.Final.jar;D:\Java\localmaven\io\netty\netty-codec\4.1.29.Final\netty-codec-4.1.29.Final.jar;D:\Java\localmaven\io\netty\netty-codec-http\4.1.29.Final\netty-codec-http-4.1.29.Final.jar;D:\Java\localmaven\io\netty\netty-common\4.1.29.Final\netty-common-4.1.29.Final.jar;D:\Java\localmaven\io\netty\netty-handler\4.1.29.Final\netty-handler-4.1.29.Final.jar;D:\Java\localmaven\io\netty\netty-resolver\4.1.29.Final\netty-resolver-4.1.29.Final.jar;D:\Java\localmaven\io\netty\netty-transport\4.1.29.Final\netty-transport-4.1.29.Final.jar;D:\Java\localmaven\org\locationtech\spatial4j\spatial4j\0.6\spatial4j-0.6.jar;D:\Java\localmaven\com\vividsolutions\jts\1.13\jts-1.13.jar;D:\Java\localmaven\org\elasticsearch\jna\4.4.0-1\jna-4.4.0-1.jar;D:\Java\localmaven\com\fasterxml\jackson\core\jackson-core\2.9.7\jackson-core-2.9.7.jar;D:\Java\localmaven\org\springframework\cloud\spring-cloud-starter-netflix-eureka-client\2.0.2.RELEASE\spring-cloud-starter-netflix-eureka-client-2.0.2.RELEASE.jar;D:\Java\localmaven\org\springframework\cloud\spring-cloud-starter\2.0.2.RELEASE\spring-cloud-starter-2.0.2.RELEASE.jar;D:\Java\localmaven\org\springframework\cloud\spring-cloud-context\2.0.2.RELEASE\spring-cloud-context-2.0.2.RELEASE.jar;D:\Java\localmaven\org\springframework\security\spring-security-rsa\1.0.7.RELEASE\spring-security-rsa-1.0.7.RELEASE.jar;D:\Java\localmaven\org\bouncycastle\bcpkix-jdk15on\1.60\bcpkix-jdk15on-1.60.jar;D:\Java\localmaven\org\bouncycastle\bcprov-jdk15on\1.60\bcprov-jdk15on-1.60.jar;D:\Java\localmaven\org\springframework\cloud\spring-cloud-netflix-core\2.0.2.RELEASE\spring-cloud-netflix-core-2.0.2.RELEASE.jar;D:\Java\localmaven\org\springframework\boot\spring-boot-starter-aop\2.0.6.RELEASE\spring-boot-starter-aop-2.0.6.RELEASE.jar;D:\Java\localmaven\org\aspectj\aspectjweaver\1.8.13\aspectjweaver-1.8.13.jar;D:\Java\localmaven\org\springframework\cloud\spring-cloud-netflix-eureka-client\2.0.2.RELEASE\spring-cloud-netflix-eureka-client-2.0.2.RELEASE.jar;D:\Java\localmaven\com\netflix\eureka\eureka-client\1.9.3\eureka-client-1.9.3.jar;D:\Java\localmaven\org\codehaus\jettison\jettison\1.3.7\jettison-1.3.7.jar;D:\Java\localmaven\stax\stax-api\1.0.1\stax-api-1.0.1.jar;D:\Java\localmaven\com\netflix\netflix-commons\netflix-eventbus\0.3.0\netflix-eventbus-0.3.0.jar;D:\Java\localmaven\com\netflix\netflix-commons\netflix-infix\0.3.0\netflix-infix-0.3.0.jar;D:\Java\localmaven\commons-jxpath\commons-jxpath\1.3\commons-jxpath-1.3.jar;D:\Java\localmaven\org\antlr\antlr-runtime\3.4\antlr-runtime-3.4.jar;D:\Java\localmaven\org\antlr\stringtemplate\3.2.1\stringtemplate-3.2.1.jar;D:\Java\localmaven\antlr\antlr\2.7.7\antlr-2.7.7.jar;D:\Java\localmaven\com\google\code\gson\gson\2.8.5\gson-2.8.5.jar;D:\Java\localmaven\org\apache\commons\commons-math\2.2\commons-math-2.2.jar;D:\Java\localmaven\com\netflix\archaius\archaius-core\0.7.6\archaius-core-0.7.6.jar;D:\Java\localmaven\com\google\guava\guava\16.0\guava-16.0.jar;D:\Java\localmaven\javax\ws\rs\jsr311-api\1.1.1\jsr311-api-1.1.1.jar;D:\Java\localmaven\com\netflix\servo\servo-core\0.12.21\servo-core-0.12.21.jar;D:\Java\localmaven\com\sun\jersey\jersey-core\1.19.1\jersey-core-1.19.1.jar;D:\Java\localmaven\com\sun\jersey\jersey-client\1.19.1\jersey-client-1.19.1.jar;D:\Java\localmaven\com\sun\jersey\contribs\jersey-apache-client4\1.19.1\jersey-apache-client4-1.19.1.jar;D:\Java\localmaven\org\apache\httpcomponents\httpclient\4.5.6\httpclient-4.5.6.jar;D:\Java\localmaven\org\apache\httpcomponents\httpcore\4.4.10\httpcore-4.4.10.jar;D:\Java\localmaven\commons-codec\commons-codec\1.11\commons-codec-1.11.jar;D:\Java\localmaven\com\google\inject\guice\4.1.0\guice-4.1.0.jar;D:\Java\localmaven\javax\inject\javax.inject\1\javax.inject-1.jar;D:\Java\localmaven\aopalliance\aopalliance\1.0\aopalliance-1.0.jar;D:\Java\localmaven\com\github\vlsi\compactmap\compactmap\1.2.1\compactmap-1.2.1.jar;D:\Java\localmaven\com\github\andrewoma\dexx\dexx-collections\0.2\dexx-collections-0.2.jar;D:\Java\localmaven\com\fasterxml\jackson\core\jackson-annotations\2.9.0\jackson-annotations-2.9.0.jar;D:\Java\localmaven\com\netflix\eureka\eureka-core\1.9.3\eureka-core-1.9.3.jar;D:\Java\localmaven\org\codehaus\woodstox\woodstox-core-asl\4.4.1\woodstox-core-asl-4.4.1.jar;D:\Java\localmaven\javax\xml\stream\stax-api\1.0-2\stax-api-1.0-2.jar;D:\Java\localmaven\org\codehaus\woodstox\stax2-api\3.1.4\stax2-api-3.1.4.jar;D:\Java\localmaven\org\springframework\cloud\spring-cloud-starter-netflix-archaius\2.0.2.RELEASE\spring-cloud-starter-netflix-archaius-2.0.2.RELEASE.jar;D:\Java\localmaven\org\springframework\cloud\spring-cloud-netflix-ribbon\2.0.2.RELEASE\spring-cloud-netflix-ribbon-2.0.2.RELEASE.jar;D:\Java\localmaven\org\springframework\cloud\spring-cloud-netflix-archaius\2.0.2.RELEASE\spring-cloud-netflix-archaius-2.0.2.RELEASE.jar;D:\Java\localmaven\commons-configuration\commons-configuration\1.8\commons-configuration-1.8.jar;D:\Java\localmaven\commons-lang\commons-lang\2.6\commons-lang-2.6.jar;D:\Java\localmaven\org\springframework\cloud\spring-cloud-starter-netflix-ribbon\2.0.2.RELEASE\spring-cloud-starter-netflix-ribbon-2.0.2.RELEASE.jar;D:\Java\localmaven\com\netflix\ribbon\ribbon\2.2.5\ribbon-2.2.5.jar;D:\Java\localmaven\com\netflix\ribbon\ribbon-transport\2.2.5\ribbon-transport-2.2.5.jar;D:\Java\localmaven\io\reactivex\rxnetty-contexts\0.4.9\rxnetty-contexts-0.4.9.jar;D:\Java\localmaven\io\reactivex\rxnetty-servo\0.4.9\rxnetty-servo-0.4.9.jar;D:\Java\localmaven\io\reactivex\rxnetty\0.4.9\rxnetty-0.4.9.jar;D:\Java\localmaven\com\netflix\ribbon\ribbon-core\2.2.5\ribbon-core-2.2.5.jar;D:\Java\localmaven\com\netflix\ribbon\ribbon-httpclient\2.2.5\ribbon-httpclient-2.2.5.jar;D:\Java\localmaven\commons-collections\commons-collections\3.2.2\commons-collections-3.2.2.jar;D:\Java\localmaven\com\netflix\netflix-commons\netflix-commons-util\0.3.0\netflix-commons-util-0.3.0.jar;D:\Java\localmaven\com\netflix\ribbon\ribbon-loadbalancer\2.2.5\ribbon-loadbalancer-2.2.5.jar;D:\Java\localmaven\com\netflix\netflix-commons\netflix-statistics\0.1.1\netflix-statistics-0.1.1.jar;D:\Java\localmaven\io\reactivex\rxjava\1.3.8\rxjava-1.3.8.jar;D:\Java\localmaven\com\netflix\ribbon\ribbon-eureka\2.2.5\ribbon-eureka-2.2.5.jar;D:\Java\localmaven\com\thoughtworks\xstream\xstream\1.4.10\xstream-1.4.10.jar;D:\Java\localmaven\xmlpull\xmlpull\1.1.3.1\xmlpull-1.1.3.1.jar;D:\Java\localmaven\xpp3\xpp3_min\1.1.4c\xpp3_min-1.1.4c.jar;D:\Java\localmaven\org\springframework\cloud\spring-cloud-starter-openfeign\2.0.2.RELEASE\spring-cloud-starter-openfeign-2.0.2.RELEASE.jar;D:\Java\localmaven\org\springframework\cloud\spring-cloud-openfeign-core\2.0.2.RELEASE\spring-cloud-openfeign-core-2.0.2.RELEASE.jar;D:\Java\localmaven\io\github\openfeign\form\feign-form-spring\3.3.0\feign-form-spring-3.3.0.jar;D:\Java\localmaven\io\github\openfeign\form\feign-form\3.3.0\feign-form-3.3.0.jar;D:\Java\localmaven\com\google\code\findbugs\annotations\3.0.1\annotations-3.0.1.jar;D:\Java\localmaven\net\jcip\jcip-annotations\1.0\jcip-annotations-1.0.jar;D:\Java\localmaven\com\google\code\findbugs\jsr305\3.0.1\jsr305-3.0.1.jar;D:\Java\localmaven\commons-fileupload\commons-fileupload\1.3.3\commons-fileupload-1.3.3.jar;D:\Java\localmaven\commons-io\commons-io\2.2\commons-io-2.2.jar;D:\Java\localmaven\org\springframework\cloud\spring-cloud-commons\2.0.2.RELEASE\spring-cloud-commons-2.0.2.RELEASE.jar;D:\Java\localmaven\org\springframework\security\spring-security-crypto\5.0.9.RELEASE\spring-security-crypto-5.0.9.RELEASE.jar;D:\Java\localmaven\io\github\openfeign\feign-core\9.7.0\feign-core-9.7.0.jar;D:\Java\localmaven\io\github\openfeign\feign-slf4j\9.7.0\feign-slf4j-9.7.0.jar;D:\Java\localmaven\io\github\openfeign\feign-hystrix\9.7.0\feign-hystrix-9.7.0.jar;D:\Java\localmaven\com\netflix\hystrix\hystrix-core\1.5.12\hystrix-core-1.5.12.jar;D:\Java\localmaven\org\hdrhistogram\HdrHistogram\2.1.9\HdrHistogram-2.1.9.jar;D:\Java\localmaven\io\github\openfeign\feign-java8\9.7.0\feign-java8-9.7.0.jar;D:\Java\localmaven\org\springframework\boot\spring-boot-starter-test\2.0.6.RELEASE\spring-boot-starter-test-2.0.6.RELEASE.jar;D:\Java\localmaven\org\springframework\boot\spring-boot-test\2.0.6.RELEASE\spring-boot-test-2.0.6.RELEASE.jar;D:\Java\localmaven\org\springframework\boot\spring-boot-test-autoconfigure\2.0.6.RELEASE\spring-boot-test-autoconfigure-2.0.6.RELEASE.jar;D:\Java\localmaven\com\jayway\jsonpath\json-path\2.4.0\json-path-2.4.0.jar;D:\Java\localmaven\net\minidev\json-smart\2.3\json-smart-2.3.jar;D:\Java\localmaven\net\minidev\accessors-smart\1.2\accessors-smart-1.2.jar;D:\Java\localmaven\org\ow2\asm\asm\5.0.4\asm-5.0.4.jar;D:\Java\localmaven\junit\junit\4.12\junit-4.12.jar;D:\Java\localmaven\org\assertj\assertj-core\3.9.1\assertj-core-3.9.1.jar;D:\Java\localmaven\org\mockito\mockito-core\2.15.0\mockito-core-2.15.0.jar;D:\Java\localmaven\net\bytebuddy\byte-buddy\1.7.11\byte-buddy-1.7.11.jar;D:\Java\localmaven\net\bytebuddy\byte-buddy-agent\1.7.11\byte-buddy-agent-1.7.11.jar;D:\Java\localmaven\org\objenesis\objenesis\2.6\objenesis-2.6.jar;D:\Java\localmaven\org\hamcrest\hamcrest-core\1.3\hamcrest-core-1.3.jar;D:\Java\localmaven\org\hamcrest\hamcrest-library\1.3\hamcrest-library-1.3.jar;D:\Java\localmaven\org\skyscreamer\jsonassert\1.5.0\jsonassert-1.5.0.jar;D:\Java\localmaven\com\vaadin\external\google\android-json\0.0.20131108.vaadin1\android-json-0.0.20131108.vaadin1.jar;D:\Java\localmaven\org\springframework\spring-core\5.0.10.RELEASE\spring-core-5.0.10.RELEASE.jar;D:\Java\localmaven\org\springframework\spring-jcl\5.0.10.RELEASE\spring-jcl-5.0.10.RELEASE.jar;D:\Java\localmaven\org\springframework\spring-test\5.0.10.RELEASE\spring-test-5.0.10.RELEASE.jar;D:\Java\localmaven\org\xmlunit\xmlunit-core\2.5.1\xmlunit-core-2.5.1.jar;D:\Java\localmaven\org\jetbrains\annotations\22.0.0\annotations-22.0.0.jar;, user.name=xx, java.vm.specification.version=1.8, sun.java.command=C:\Users\xx\AppData\Local\Temp\surefire7472537155295108055\surefirebooter2829981178330706387.jar C:\Users\xx\AppData\Local\Temp\surefire7472537155295108055 2021-10-16T21-23-36_251-jvmRun1 surefire5070883264198512468tmp surefire_02415404590954942087tmp, java.home=D:\Java\jdk1.8.0_221\jre, sun.arch.data.model=64, user.language=zh, java.specification.vendor=Oracle Corporation, awt.toolkit=sun.awt.windows.WToolkit, java.vm.info=mixed mode, java.version=1.8.0_221, java.ext.dirs=D:\Java\jdk1.8.0_221\jre\lib\ext;C:\WINDOWS\Sun\Java\lib\ext, sun.boot.class.path=D:\Java\jdk1.8.0_221\jre\lib\resources.jar;D:\Java\jdk1.8.0_221\jre\lib\rt.jar;D:\Java\jdk1.8.0_221\jre\lib\sunrsasign.jar;D:\Java\jdk1.8.0_221\jre\lib\jsse.jar;D:\Java\jdk1.8.0_221\jre\lib\jce.jar;D:\Java\jdk1.8.0_221\jre\lib\charsets.jar;D:\Java\jdk1.8.0_221\jre\lib\jfr.jar;D:\Java\jdk1.8.0_221\jre\classes, java.vendor=Oracle Corporation, localRepository=D:\Java\localmaven, file.separator=\, java.vendor.url.bug=http://bugreport.sun.com/bugreport/, sun.io.unicode.encoding=UnicodeLittle, sun.cpu.endian=little, sun.desktop=windows, sun.cpu.isalist=amd64}}, SystemEnvironmentPropertySource@1833848849 {name='systemEnvironment', properties={PATH=C:\WINDOWS\system32;C:\WINDOWS;C:\WINDOWS\System32\Wbem;C:\WINDOWS\System32\WindowsPowerShell\v1.0\;C:\WINDOWS\System32\OpenSSH\;C:\Program Files\NVIDIA Corporation\NVIDIA NvDLISR;C:\Program Files (x86)\NVIDIA Corporation\PhysX\Common;C:\WINDOWS\system32;C:\WINDOWS;C:\WINDOWS\System32\Wbem;C:\WINDOWS\System32\WindowsPowerShell\v1.0\;C:\WINDOWS\System32\OpenSSH\;D:\Java\jdk1.8.0_221\bin;D:\Java\MySQL\bin;D:\Java\apache-maven-3.6.3\bin;D:\Java\Git\cmd;D:\Java\bin;D:\Java\MySQL\MySQL Server 5.5\bin;D:\Java\nodejs\;C:\Users\xx\AppData\Local\Microsoft\WindowsApps;C:\Program Files\Bandizip\;C:\Users\xx\AppData\Roaming\npm, USERDOMAIN_ROAMINGPROFILE=DESKTOP-5U4E518, LOCALAPPDATA=C:\Users\xx\AppData\Local, PROCESSOR_LEVEL=6, SYSTEMDRIVE=C:, COMMONPROGRAMFILES(X86)=C:\Program Files (x86)\Common Files, USERDOMAIN=DESKTOP-5U4E518, FPS_BROWSER_APP_PROFILE_STRING=Internet Explorer, LOGONSERVER=\\DESKTOP-5U4E518, JAVA_HOME=D:\Java\jdk1.8.0_221, PROMPT=$P$G, SESSIONNAME=Console, ALLUSERSPROFILE=C:\ProgramData, PROGRAMFILES(X86)=C:\Program Files (x86), PROCESSOR_ARCHITECTURE=AMD64, DRIVERDATA=C:\Windows\System32\Drivers\DriverData, ERLANG_HOME=D:\Java\erl-24.1, MAVEN_HOME=D:\Java\apache-maven-3.6.3, PROGRAMFILES=C:\Program Files, APPDATA=C:\Users\xx\AppData\Roaming, PSMODULEPATH=C:\Program Files\WindowsPowerShell\Modules;C:\WINDOWS\system32\WindowsPowerShell\v1.0\Modules, PROGRAMW6432=C:\Program Files, PROGRAMDATA=C:\ProgramData, SYSTEMROOT=C:\WINDOWS, USERNAME=xx, FPS_BROWSER_USER_PROFILE_STRING=Default, ONEDRIVE=C:\Users\xx\OneDrive, PATHEXT=.COM;.EXE;.BAT;.CMD;.VBS;.VBE;.JS;.JSE;.WSF;.WSH;.MSC, OS=Windows_NT, COMMONPROGRAMW6432=C:\Program Files\Common Files, COMPUTERNAME=DESKTOP-5U4E518, COMMONPROGRAMFILES=C:\Program Files\Common Files, COMSPEC=C:\WINDOWS\system32\cmd.exe, PROCESSOR_REVISION=5e03, WINDIR=C:\WINDOWS, =F:=F:\code\leyou\leyou-search, HOMEPATH=\Users\xx, TEMP=C:\Users\xx\AppData\Local\Temp, HOMEDRIVE=C:, PROCESSOR_IDENTIFIER=Intel64 Family 6 Model 94 Stepping 3, GenuineIntel, USERPROFILE=C:\Users\xx, TMP=C:\Users\xx\AppData\Local\Temp, PUBLIC=C:\Users\Public, NUMBER_OF_PROCESSORS=8, =::=::\, IDEA_INITIAL_DIRECTORY=C:\Users\xx\Desktop}}]
21:23:44.928 [main] DEBUG org.springframework.test.context.support.TestPropertySourceUtils - Adding inlined properties to environment: {spring.jmx.enabled=false, org.springframework.boot.test.context.SpringBootTestContextBootstrapper=true, server.port=-1}
21:23:44.928 [main] DEBUG org.springframework.core.env.StandardEnvironment - Adding PropertySource 'Inlined Test Properties' with highest search precedence
2021-10-16 21:23:47.632  INFO 17196 --- [           main] s.c.a.AnnotationConfigApplicationContext : Refreshing org.springframework.context.annotation.AnnotationConfigApplicationContext@560348e6: startup date [Sat Oct 16 21:23:47 CST 2021]; root of context hierarchy
2021-10-16 21:23:48.000  INFO 17196 --- [           main] f.a.AutowiredAnnotationBeanPostProcessor : JSR-330 'javax.inject.Inject' annotation found and supported for autowiring
2021-10-16 21:23:48.066  INFO 17196 --- [           main] trationDelegate$BeanPostProcessorChecker : Bean 'configurationPropertiesRebinderAutoConfiguration' of type [org.springframework.cloud.autoconfigure.ConfigurationPropertiesRebinderAutoConfiguration$$EnhancerBySpringCGLIB$$41d375bd] is not eligible for getting processed by all BeanPostProcessors (for example: not eligible for auto-proxying)

  .   ____          _            __ _ _
 /\\ / ___'_ __ _ _(_)_ __  __ _ \ \ \ \
( ( )\___ | '_ | '_| | '_ \/ _` | \ \ \ \
 \\/  ___)| |_)| | | | | || (_| |  ) ) ) )
  '  |____| .__|_| |_|_| |_\__, | / / / /
 =========|_|==============|___/=/_/_/_/
 :: Spring Boot ::        (v2.0.6.RELEASE)

2021-10-16 21:23:50.520  INFO 17196 --- [           main] com.leyou.search.client.GoodsApiTest     : No active profile set, falling back to default profiles: default
2021-10-16 21:23:50.525  INFO 17196 --- [           main] o.s.w.c.s.GenericWebApplicationContext   : Refreshing org.springframework.web.context.support.GenericWebApplicationContext@e260766: startup date [Sat Oct 16 21:23:50 CST 2021]; parent: org.springframework.context.annotation.AnnotationConfigApplicationContext@560348e6
2021-10-16 21:23:51.191  INFO 17196 --- [           main] o.s.b.f.s.DefaultListableBeanFactory     : Overriding alias 'itemFeignClient' definition for registered name 'com.leyou.search.client.BrandClient' with new target name 'com.leyou.search.client.CategoryClient'
2021-10-16 21:23:51.192  INFO 17196 --- [           main] o.s.b.f.s.DefaultListableBeanFactory     : Overriding alias 'itemFeignClient' definition for registered name 'com.leyou.search.client.CategoryClient' with new target name 'com.leyou.search.client.GoodsClient'
2021-10-16 21:23:51.193  INFO 17196 --- [           main] o.s.b.f.s.DefaultListableBeanFactory     : Overriding alias 'itemFeignClient' definition for registered name 'com.leyou.search.client.GoodsClient' with new target name 'com.leyou.search.client.SpecParamClient'
2021-10-16 21:23:52.346  INFO 17196 --- [           main] o.s.cloud.context.scope.GenericScope     : BeanFactory id=ab9a958e-a9da-39b6-9aa4-afee35e9796c
2021-10-16 21:23:52.504  INFO 17196 --- [           main] f.a.AutowiredAnnotationBeanPostProcessor : JSR-330 'javax.inject.Inject' annotation found and supported for autowiring
2021-10-16 21:23:52.592  INFO 17196 --- [           main] trationDelegate$BeanPostProcessorChecker : Bean 'org.springframework.amqp.rabbit.annotation.RabbitBootstrapConfiguration' of type [org.springframework.amqp.rabbit.annotation.RabbitBootstrapConfiguration$$EnhancerBySpringCGLIB$$ec2530ee] is not eligible for getting processed by all BeanPostProcessors (for example: not eligible for auto-proxying)
2021-10-16 21:23:52.757  INFO 17196 --- [           main] trationDelegate$BeanPostProcessorChecker : Bean 'org.springframework.cloud.autoconfigure.ConfigurationPropertiesRebinderAutoConfiguration' of type [org.springframework.cloud.autoconfigure.ConfigurationPropertiesRebinderAutoConfiguration$$EnhancerBySpringCGLIB$$41d375bd] is not eligible for getting processed by all BeanPostProcessors (for example: not eligible for auto-proxying)
2021-10-16 21:23:52.857  INFO 17196 --- [           main] s.c.a.AnnotationConfigApplicationContext : Refreshing FeignContext-item: startup date [Sat Oct 16 21:23:52 CST 2021]; parent: org.springframework.web.context.support.GenericWebApplicationContext@e260766
2021-10-16 21:23:52.891  INFO 17196 --- [           main] f.a.AutowiredAnnotationBeanPostProcessor : JSR-330 'javax.inject.Inject' annotation found and supported for autowiring
2021-10-16 21:23:54.657  INFO 17196 --- [           main] o.elasticsearch.plugins.PluginsService   : no modules loaded
2021-10-16 21:23:54.660  INFO 17196 --- [           main] o.elasticsearch.plugins.PluginsService   : loaded plugin [org.elasticsearch.index.reindex.ReindexPlugin]
2021-10-16 21:23:54.660  INFO 17196 --- [           main] o.elasticsearch.plugins.PluginsService   : loaded plugin [org.elasticsearch.join.ParentJoinPlugin]
2021-10-16 21:23:54.660  INFO 17196 --- [           main] o.elasticsearch.plugins.PluginsService   : loaded plugin [org.elasticsearch.percolator.PercolatorPlugin]
2021-10-16 21:23:54.660  INFO 17196 --- [           main] o.elasticsearch.plugins.PluginsService   : loaded plugin [org.elasticsearch.script.mustache.MustachePlugin]
2021-10-16 21:23:54.661  INFO 17196 --- [           main] o.elasticsearch.plugins.PluginsService   : loaded plugin [org.elasticsearch.transport.Netty4Plugin]
2021-10-16 21:23:57.925  INFO 17196 --- [           main] o.s.d.e.c.TransportClientFactoryBean     : Adding transport node : 127.0.0.1:9300
2021-10-16 21:24:01.792 ERROR 17196 --- [           main] .d.e.r.s.AbstractElasticsearchRepository : failed to load elasticsearch nodes : org.elasticsearch.client.transport.NoNodeAvailableException: None of the configured nodes are available: [{#transport#-1}{hMNgBmiXQKKtIMu0wlfBmA}{127.0.0.1}{127.0.0.1:9300}]
2021-10-16 21:24:02.355  WARN 17196 --- [           main] c.n.c.sources.URLConfigurationSource     : No URLs will be polled as dynamic configuration sources.
2021-10-16 21:24:02.355  INFO 17196 --- [           main] c.n.c.sources.URLConfigurationSource     : To enable URLs as dynamic configuration sources, define System property archaius.configurationSource.additionalUrls or make config.properties available on classpath.
2021-10-16 21:24:02.375  WARN 17196 --- [           main] c.n.c.sources.URLConfigurationSource     : No URLs will be polled as dynamic configuration sources.
2021-10-16 21:24:02.375  INFO 17196 --- [           main] c.n.c.sources.URLConfigurationSource     : To enable URLs as dynamic configuration sources, define System property archaius.configurationSource.additionalUrls or make config.properties available on classpath.
2021-10-16 21:24:02.582  INFO 17196 --- [           main] o.s.w.s.handler.SimpleUrlHandlerMapping  : Mapped URL path [/**/favicon.ico] onto handler of type [class org.springframework.web.servlet.resource.ResourceHttpRequestHandler]
2021-10-16 21:24:03.248  INFO 17196 --- [           main] s.w.s.m.m.a.RequestMappingHandlerAdapter : Looking for @ControllerAdvice: org.springframework.web.context.support.GenericWebApplicationContext@e260766: startup date [Sat Oct 16 21:23:50 CST 2021]; parent: org.springframework.context.annotation.AnnotationConfigApplicationContext@560348e6
2021-10-16 21:24:03.412  INFO 17196 --- [           main] s.w.s.m.m.a.RequestMappingHandlerMapping : Mapped "{[/page],methods=[POST]}" onto public org.springframework.http.ResponseEntity<com.leyou.common.pojo.PageResult<com.leyou.search.pojo.Goods>> com.leyou.search.controller.SearchController.search(com.leyou.search.pojo.SearchRequest)
2021-10-16 21:24:03.420  INFO 17196 --- [           main] s.w.s.m.m.a.RequestMappingHandlerMapping : Mapped "{[/brand/{id}],methods=[GET]}" onto public abstract com.leyou.item.pojo.Brand com.leyou.item.api.BrandApi.queryBrandById(long)
2021-10-16 21:24:03.421  INFO 17196 --- [           main] s.w.s.m.m.a.RequestMappingHandlerMapping : Mapped "{[/brand/page],methods=[GET]}" onto public abstract com.leyou.common.pojo.PageResult<com.leyou.item.pojo.Brand> com.leyou.item.api.BrandApi.findBrandByKey(java.lang.String,java.lang.Integer,java.lang.Integer,java.lang.String,java.lang.Boolean)
2021-10-16 21:24:03.421  INFO 17196 --- [           main] s.w.s.m.m.a.RequestMappingHandlerMapping : Mapped "{[/brand],methods=[POST]}" onto public abstract java.lang.String com.leyou.item.api.BrandApi.newBrand(java.lang.String,java.lang.String,java.util.List<java.lang.Integer>,java.lang.Character)
2021-10-16 21:24:03.421  INFO 17196 --- [           main] s.w.s.m.m.a.RequestMappingHandlerMapping : Mapped "{[/brand/cid/{cid}],methods=[GET]}" onto public abstract java.util.List<com.leyou.item.pojo.Brand> com.leyou.item.api.BrandApi.queryBrandsBycid(java.lang.Long)
2021-10-16 21:24:03.424  INFO 17196 --- [           main] s.w.s.m.m.a.RequestMappingHandlerMapping : Mapped "{[/category],methods=[GET]}" onto public abstract java.util.List<java.lang.String> com.leyou.item.api.CategoryApi.queryNamesByIds(java.util.List<java.lang.Long>)
2021-10-16 21:24:03.425  INFO 17196 --- [           main] s.w.s.m.m.a.RequestMappingHandlerMapping : Mapped "{[/category/all/level],methods=[GET]}" onto public abstract java.util.List<com.leyou.item.pojo.Category> com.leyou.item.api.CategoryApi.queryCategoryListByCid3(java.lang.Long)
2021-10-16 21:24:03.425  INFO 17196 --- [           main] s.w.s.m.m.a.RequestMappingHandlerMapping : Mapped "{[/category/list],methods=[GET]}" onto public abstract java.util.List<com.leyou.item.pojo.Category> com.leyou.item.api.CategoryApi.findCategoryById(java.lang.Long)
2021-10-16 21:24:03.429  INFO 17196 --- [           main] s.w.s.m.m.a.RequestMappingHandlerMapping : Mapped "{[/sku/list],methods=[GET]}" onto public abstract java.util.List<com.leyou.item.pojo.Sku> com.leyou.item.api.GoodsApi.querySkuBySpuId(java.lang.Long)
2021-10-16 21:24:03.429  INFO 17196 --- [           main] s.w.s.m.m.a.RequestMappingHandlerMapping : Mapped "{[/spu/page],methods=[GET]}" onto public abstract com.leyou.common.pojo.PageResult<com.leyou.item.bo.SpuBo> com.leyou.item.api.GoodsApi.querySpuBoByPage(java.lang.String,java.lang.Boolean,java.lang.Integer,java.lang.Integer)
2021-10-16 21:24:03.430  INFO 17196 --- [           main] s.w.s.m.m.a.RequestMappingHandlerMapping : Mapped "{[/goods],methods=[POST]}" onto public abstract java.lang.Void com.leyou.item.api.GoodsApi.saveSpu(com.leyou.item.bo.SpuBo)
2021-10-16 21:24:03.431  INFO 17196 --- [           main] s.w.s.m.m.a.RequestMappingHandlerMapping : Mapped "{[/goods],methods=[PUT]}" onto public abstract java.lang.Void com.leyou.item.api.GoodsApi.updateSpu(com.leyou.item.bo.SpuBo)
2021-10-16 21:24:03.432  INFO 17196 --- [           main] s.w.s.m.m.a.RequestMappingHandlerMapping : Mapped "{[/{id}],methods=[GET]}" onto public abstract com.leyou.item.pojo.Spu com.leyou.item.api.GoodsApi.queryOneSpuById(java.lang.Long)
2021-10-16 21:24:03.432  INFO 17196 --- [           main] s.w.s.m.m.a.RequestMappingHandlerMapping : Mapped "{[/spu/detail/{sid}],methods=[GET]}" onto public abstract com.leyou.item.pojo.SpuDetail com.leyou.item.api.GoodsApi.querySupDetailBySpuId(java.lang.Long)
2021-10-16 21:24:03.440  INFO 17196 --- [           main] s.w.s.m.m.a.RequestMappingHandlerMapping : Mapped "{[/spec/params],methods=[GET]}" onto public abstract java.util.List<com.leyou.item.pojo.SpecParam> com.leyou.item.api.SpecParamApi.querySpecParams(java.lang.Long,java.lang.Long,java.lang.Boolean,java.lang.Boolean)
2021-10-16 21:24:03.441  INFO 17196 --- [           main] s.w.s.m.m.a.RequestMappingHandlerMapping : Mapped "{[/spec/{cid}],methods=[GET]}" onto public abstract java.util.List<com.leyou.item.pojo.SpecGroup> com.leyou.item.api.SpecParamApi.querySpecByCid(java.lang.Long)
2021-10-16 21:24:03.442  INFO 17196 --- [           main] s.w.s.m.m.a.RequestMappingHandlerMapping : Mapped "{[/spec/groups/{cid}],methods=[GET]}" onto public abstract java.util.List<com.leyou.item.pojo.SpecGroup> com.leyou.item.api.SpecParamApi.querySpecGroup(java.lang.Long)
2021-10-16 21:24:03.449  INFO 17196 --- [           main] s.w.s.m.m.a.RequestMappingHandlerMapping : Mapped "{[/error]}" onto public org.springframework.http.ResponseEntity<java.util.Map<java.lang.String, java.lang.Object>> org.springframework.boot.autoconfigure.web.servlet.error.BasicErrorController.error(javax.servlet.http.HttpServletRequest)
2021-10-16 21:24:03.453  INFO 17196 --- [           main] s.w.s.m.m.a.RequestMappingHandlerMapping : Mapped "{[/error],produces=[text/html]}" onto public org.springframework.web.servlet.ModelAndView org.springframework.boot.autoconfigure.web.servlet.error.BasicErrorController.errorHtml(javax.servlet.http.HttpServletRequest,javax.servlet.http.HttpServletResponse)
2021-10-16 21:24:03.545  INFO 17196 --- [           main] o.s.w.s.handler.SimpleUrlHandlerMapping  : Mapped URL path [/webjars/**] onto handler of type [class org.springframework.web.servlet.resource.ResourceHttpRequestHandler]
2021-10-16 21:24:03.545  INFO 17196 --- [           main] o.s.w.s.handler.SimpleUrlHandlerMapping  : Mapped URL path [/**] onto handler of type [class org.springframework.web.servlet.resource.ResourceHttpRequestHandler]
2021-10-16 21:24:06.579  INFO 17196 --- [           main] o.s.cloud.commons.util.InetUtils         : Cannot determine local hostname
2021-10-16 21:24:08.732  INFO 17196 --- [           main] o.s.cloud.commons.util.InetUtils         : Cannot determine local hostname
2021-10-16 21:24:09.092  INFO 17196 --- [           main] o.s.c.support.DefaultLifecycleProcessor  : Starting beans in phase 0
2021-10-16 21:24:09.124  INFO 17196 --- [           main] o.s.c.support.DefaultLifecycleProcessor  : Starting beans in phase 2147483647
2021-10-16 21:24:09.141  INFO 17196 --- [cTaskExecutor-1] o.s.a.r.c.CachingConnectionFactory       : Attempting to connect to: [localhost:5672]
2021-10-16 21:24:09.252  INFO 17196 --- [cTaskExecutor-1] o.s.a.r.c.CachingConnectionFactory       : Created new connection: rabbitConnectionFactory#258a8584:0/SimpleConnection@3f87d00b [delegate=amqp://leyou@127.0.0.1:5672//leyou, localPort= 53974]
2021-10-16 21:24:09.374  INFO 17196 --- [           main] com.leyou.search.client.GoodsApiTest     : Started GoodsApiTest in 24.426 seconds (JVM running for 25.996)
2021-10-16 21:24:09.591  INFO 17196 --- [           main] s.c.a.AnnotationConfigApplicationContext : Refreshing SpringClientFactory-item: startup date [Sat Oct 16 21:24:09 CST 2021]; parent: org.springframework.web.context.support.GenericWebApplicationContext@e260766
2021-10-16 21:24:09.706  INFO 17196 --- [           main] f.a.AutowiredAnnotationBeanPostProcessor : JSR-330 'javax.inject.Inject' annotation found and supported for autowiring
2021-10-16 21:24:11.172  INFO 17196 --- [           main] c.netflix.config.ChainedDynamicProperty  : Flipping property: item.ribbon.ActiveConnectionsLimit to use NEXT property: niws.loadbalancer.availabilityFilteringRule.activeConnectionsLimit = 2147483647
2021-10-16 21:24:11.212  INFO 17196 --- [           main] c.n.u.concurrent.ShutdownEnabledTimer    : Shutdown hook installed for: NFLoadBalancer-PingTimer-item
2021-10-16 21:24:11.292  INFO 17196 --- [           main] c.netflix.loadbalancer.BaseLoadBalancer  : Client: item instantiated a LoadBalancer: DynamicServerListLoadBalancer:{NFLoadBalancer:name=item,current list of Servers=[],Load balancer stats=Zone stats: {},Server stats: []}ServerList:null
2021-10-16 21:24:11.309  INFO 17196 --- [           main] c.n.l.DynamicServerListLoadBalancer      : Using serverListUpdater PollingServerListUpdater
2021-10-16 21:24:11.331  INFO 17196 --- [           main] o.s.c.n.eureka.InstanceInfoFactory       : Setting initial instance status as: STARTING
2021-10-16 21:24:11.362  INFO 17196 --- [           main] com.netflix.discovery.DiscoveryClient    : Initializing Eureka in region us-east-1
2021-10-16 21:24:11.510  INFO 17196 --- [           main] c.n.d.provider.DiscoveryJerseyProvider   : Using JSON encoding codec LegacyJacksonJson
2021-10-16 21:24:11.510  INFO 17196 --- [           main] c.n.d.provider.DiscoveryJerseyProvider   : Using JSON decoding codec LegacyJacksonJson
2021-10-16 21:24:11.897  INFO 17196 --- [           main] c.n.d.provider.DiscoveryJerseyProvider   : Using XML encoding codec XStreamXml
2021-10-16 21:24:11.897  INFO 17196 --- [           main] c.n.d.provider.DiscoveryJerseyProvider   : Using XML decoding codec XStreamXml
2021-10-16 21:24:12.294  INFO 17196 --- [           main] c.n.d.s.r.aws.ConfigClusterResolver      : Resolving eureka endpoints via configuration
2021-10-16 21:24:13.128  INFO 17196 --- [           main] com.netflix.discovery.DiscoveryClient    : Disable delta property : false
2021-10-16 21:24:13.129  INFO 17196 --- [           main] com.netflix.discovery.DiscoveryClient    : Single vip registry refresh property : null
2021-10-16 21:24:13.129  INFO 17196 --- [           main] com.netflix.discovery.DiscoveryClient    : Force full registry fetch : false
2021-10-16 21:24:13.129  INFO 17196 --- [           main] com.netflix.discovery.DiscoveryClient    : Application is null : false
2021-10-16 21:24:13.129  INFO 17196 --- [           main] com.netflix.discovery.DiscoveryClient    : Registered Applications size is zero : true
2021-10-16 21:24:13.129  INFO 17196 --- [           main] com.netflix.discovery.DiscoveryClient    : Application version is -1: true
2021-10-16 21:24:13.129  INFO 17196 --- [           main] com.netflix.discovery.DiscoveryClient    : Getting all instance registry info from the eureka server
2021-10-16 21:24:15.277 ERROR 17196 --- [           main] c.n.d.s.t.d.RedirectingEurekaHttpClient  : Request execution error

com.sun.jersey.api.client.ClientHandlerException: java.net.ConnectException: Connection refused: connect
	at com.sun.jersey.client.apache4.ApacheHttpClient4Handler.handle(ApacheHttpClient4Handler.java:187) ~[jersey-apache-client4-1.19.1.jar:1.19.1]
	at com.sun.jersey.api.client.filter.GZIPContentEncodingFilter.handle(GZIPContentEncodingFilter.java:123) ~[jersey-client-1.19.1.jar:1.19.1]
	at com.netflix.discovery.EurekaIdentityHeaderFilter.handle(EurekaIdentityHeaderFilter.java:27) ~[eureka-client-1.9.3.jar:1.9.3]
	at com.sun.jersey.api.client.Client.handle(Client.java:652) ~[jersey-client-1.19.1.jar:1.19.1]
	at com.sun.jersey.api.client.WebResource.handle(WebResource.java:682) ~[jersey-client-1.19.1.jar:1.19.1]
	at com.sun.jersey.api.client.WebResource.access$200(WebResource.java:74) ~[jersey-client-1.19.1.jar:1.19.1]
	at com.sun.jersey.api.client.WebResource$Builder.get(WebResource.java:509) ~[jersey-client-1.19.1.jar:1.19.1]
	at com.netflix.discovery.shared.transport.jersey.AbstractJerseyEurekaHttpClient.getApplicationsInternal(AbstractJerseyEurekaHttpClient.java:194) ~[eureka-client-1.9.3.jar:1.9.3]
	at com.netflix.discovery.shared.transport.jersey.AbstractJerseyEurekaHttpClient.getApplications(AbstractJerseyEurekaHttpClient.java:165) ~[eureka-client-1.9.3.jar:1.9.3]
	at com.netflix.discovery.shared.transport.decorator.EurekaHttpClientDecorator$6.execute(EurekaHttpClientDecorator.java:137) [eureka-client-1.9.3.jar:1.9.3]
	at com.netflix.discovery.shared.transport.decorator.MetricsCollectingEurekaHttpClient.execute(MetricsCollectingEurekaHttpClient.java:73) ~[eureka-client-1.9.3.jar:1.9.3]
	at com.netflix.discovery.shared.transport.decorator.EurekaHttpClientDecorator.getApplications(EurekaHttpClientDecorator.java:134) [eureka-client-1.9.3.jar:1.9.3]
	at com.netflix.discovery.shared.transport.decorator.EurekaHttpClientDecorator$6.execute(EurekaHttpClientDecorator.java:137) [eureka-client-1.9.3.jar:1.9.3]
	at com.netflix.discovery.shared.transport.decorator.RedirectingEurekaHttpClient.executeOnNewServer(RedirectingEurekaHttpClient.java:118) ~[eureka-client-1.9.3.jar:1.9.3]
	at com.netflix.discovery.shared.transport.decorator.RedirectingEurekaHttpClient.execute(RedirectingEurekaHttpClient.java:79) ~[eureka-client-1.9.3.jar:1.9.3]
	at com.netflix.discovery.shared.transport.decorator.EurekaHttpClientDecorator.getApplications(EurekaHttpClientDecorator.java:134) [eureka-client-1.9.3.jar:1.9.3]
	at com.netflix.discovery.shared.transport.decorator.EurekaHttpClientDecorator$6.execute(EurekaHttpClientDecorator.java:137) [eureka-client-1.9.3.jar:1.9.3]
	at com.netflix.discovery.shared.transport.decorator.RetryableEurekaHttpClient.execute(RetryableEurekaHttpClient.java:120) [eureka-client-1.9.3.jar:1.9.3]
	at com.netflix.discovery.shared.transport.decorator.EurekaHttpClientDecorator.getApplications(EurekaHttpClientDecorator.java:134) [eureka-client-1.9.3.jar:1.9.3]
	at com.netflix.discovery.shared.transport.decorator.EurekaHttpClientDecorator$6.execute(EurekaHttpClientDecorator.java:137) [eureka-client-1.9.3.jar:1.9.3]
	at com.netflix.discovery.shared.transport.decorator.SessionedEurekaHttpClient.execute(SessionedEurekaHttpClient.java:77) [eureka-client-1.9.3.jar:1.9.3]
	at com.netflix.discovery.shared.transport.decorator.EurekaHttpClientDecorator.getApplications(EurekaHttpClientDecorator.java:134) [eureka-client-1.9.3.jar:1.9.3]
	at com.netflix.discovery.DiscoveryClient.getAndStoreFullRegistry(DiscoveryClient.java:1051) [eureka-client-1.9.3.jar:1.9.3]
	at com.netflix.discovery.DiscoveryClient.fetchRegistry(DiscoveryClient.java:965) [eureka-client-1.9.3.jar:1.9.3]
	at com.netflix.discovery.DiscoveryClient.<init>(DiscoveryClient.java:414) [eureka-client-1.9.3.jar:1.9.3]
	at com.netflix.discovery.DiscoveryClient.<init>(DiscoveryClient.java:269) [eureka-client-1.9.3.jar:1.9.3]
	at org.springframework.cloud.netflix.eureka.CloudEurekaClient.<init>(CloudEurekaClient.java:63) [spring-cloud-netflix-eureka-client-2.0.2.RELEASE.jar:2.0.2.RELEASE]
	at org.springframework.cloud.netflix.eureka.EurekaClientAutoConfiguration$RefreshableEurekaClientConfiguration.eurekaClient(EurekaClientAutoConfiguration.java:290) [spring-cloud-netflix-eureka-client-2.0.2.RELEASE.jar:2.0.2.RELEASE]
	at org.springframework.cloud.netflix.eureka.EurekaClientAutoConfiguration$RefreshableEurekaClientConfiguration$$EnhancerBySpringCGLIB$$493c6edc.CGLIB$eurekaClient$2(<generated>) [spring-cloud-netflix-eureka-client-2.0.2.RELEASE.jar:2.0.2.RELEASE]
	at org.springframework.cloud.netflix.eureka.EurekaClientAutoConfiguration$RefreshableEurekaClientConfiguration$$EnhancerBySpringCGLIB$$493c6edc$$FastClassBySpringCGLIB$$c831fb45.invoke(<generated>) [spring-cloud-netflix-eureka-client-2.0.2.RELEASE.jar:2.0.2.RELEASE]
	at org.springframework.cglib.proxy.MethodProxy.invokeSuper(MethodProxy.java:228) [spring-core-5.0.10.RELEASE.jar:5.0.10.RELEASE]
	at org.springframework.context.annotation.ConfigurationClassEnhancer$BeanMethodInterceptor.intercept(ConfigurationClassEnhancer.java:365) [spring-context-5.0.10.RELEASE.jar:5.0.10.RELEASE]
	at org.springframework.cloud.netflix.eureka.EurekaClientAutoConfiguration$RefreshableEurekaClientConfiguration$$EnhancerBySpringCGLIB$$493c6edc.eurekaClient(<generated>) [spring-cloud-netflix-eureka-client-2.0.2.RELEASE.jar:2.0.2.RELEASE]
	at sun.reflect.NativeMethodAccessorImpl.invoke0(Native Method) ~[na:1.8.0_221]
	at sun.reflect.NativeMethodAccessorImpl.invoke(NativeMethodAccessorImpl.java:62) ~[na:1.8.0_221]
	at sun.reflect.DelegatingMethodAccessorImpl.invoke(DelegatingMethodAccessorImpl.java:43) ~[na:1.8.0_221]
	at java.lang.reflect.Method.invoke(Method.java:498) ~[na:1.8.0_221]
	at org.springframework.beans.factory.support.SimpleInstantiationStrategy.instantiate(SimpleInstantiationStrategy.java:154) [spring-beans-5.0.10.RELEASE.jar:5.0.10.RELEASE]
	at org.springframework.beans.factory.support.ConstructorResolver.instantiateUsingFactoryMethod(ConstructorResolver.java:583) [spring-beans-5.0.10.RELEASE.jar:5.0.10.RELEASE]
	at org.springframework.beans.factory.support.AbstractAutowireCapableBeanFactory.instantiateUsingFactoryMethod(AbstractAutowireCapableBeanFactory.java:1246) [spring-beans-5.0.10.RELEASE.jar:5.0.10.RELEASE]
	at org.springframework.beans.factory.support.AbstractAutowireCapableBeanFactory.createBeanInstance(AbstractAutowireCapableBeanFactory.java:1096) [spring-beans-5.0.10.RELEASE.jar:5.0.10.RELEASE]
	at org.springframework.beans.factory.support.AbstractAutowireCapableBeanFactory.doCreateBean(AbstractAutowireCapableBeanFactory.java:535) [spring-beans-5.0.10.RELEASE.jar:5.0.10.RELEASE]
	at org.springframework.beans.factory.support.AbstractAutowireCapableBeanFactory.createBean(AbstractAutowireCapableBeanFactory.java:495) [spring-beans-5.0.10.RELEASE.jar:5.0.10.RELEASE]
	at org.springframework.beans.factory.support.AbstractBeanFactory.lambda$doGetBean$1(AbstractBeanFactory.java:353) [spring-beans-5.0.10.RELEASE.jar:5.0.10.RELEASE]
	at org.springframework.cloud.context.scope.GenericScope$BeanLifecycleWrapper.getBean(GenericScope.java:390) ~[spring-cloud-context-2.0.2.RELEASE.jar:2.0.2.RELEASE]
	at org.springframework.cloud.context.scope.GenericScope.get(GenericScope.java:184) ~[spring-cloud-context-2.0.2.RELEASE.jar:2.0.2.RELEASE]
	at org.springframework.beans.factory.support.AbstractBeanFactory.doGetBean(AbstractBeanFactory.java:350) [spring-beans-5.0.10.RELEASE.jar:5.0.10.RELEASE]
	at org.springframework.beans.factory.support.AbstractBeanFactory.getBean(AbstractBeanFactory.java:199) [spring-beans-5.0.10.RELEASE.jar:5.0.10.RELEASE]
	at org.springframework.aop.target.SimpleBeanTargetSource.getTarget(SimpleBeanTargetSource.java:35) ~[spring-aop-5.0.10.RELEASE.jar:5.0.10.RELEASE]
	at org.springframework.aop.framework.JdkDynamicAopProxy.invoke(JdkDynamicAopProxy.java:193) ~[spring-aop-5.0.10.RELEASE.jar:5.0.10.RELEASE]
	at com.sun.proxy.$Proxy132.getInstancesByVipAddress(Unknown Source) ~[na:na]
	at com.netflix.niws.loadbalancer.DiscoveryEnabledNIWSServerList.obtainServersViaDiscovery(DiscoveryEnabledNIWSServerList.java:167) ~[ribbon-eureka-2.2.5.jar:2.2.5]
	at com.netflix.niws.loadbalancer.DiscoveryEnabledNIWSServerList.getUpdatedListOfServers(DiscoveryEnabledNIWSServerList.java:152) ~[ribbon-eureka-2.2.5.jar:2.2.5]
	at org.springframework.cloud.netflix.ribbon.eureka.DomainExtractingServerList.getUpdatedListOfServers(DomainExtractingServerList.java:57) ~[spring-cloud-netflix-eureka-client-2.0.2.RELEASE.jar:2.0.2.RELEASE]
	at com.netflix.loadbalancer.DynamicServerListLoadBalancer.updateListOfServers(DynamicServerListLoadBalancer.java:240) ~[ribbon-loadbalancer-2.2.5.jar:2.2.5]
	at com.netflix.loadbalancer.DynamicServerListLoadBalancer.restOfInit(DynamicServerListLoadBalancer.java:144) ~[ribbon-loadbalancer-2.2.5.jar:2.2.5]
	at com.netflix.loadbalancer.DynamicServerListLoadBalancer.<init>(DynamicServerListLoadBalancer.java:95) ~[ribbon-loadbalancer-2.2.5.jar:2.2.5]
	at com.netflix.loadbalancer.ZoneAwareLoadBalancer.<init>(ZoneAwareLoadBalancer.java:82) ~[ribbon-loadbalancer-2.2.5.jar:2.2.5]
	at org.springframework.cloud.netflix.ribbon.RibbonClientConfiguration.ribbonLoadBalancer(RibbonClientConfiguration.java:137) ~[spring-cloud-netflix-ribbon-2.0.2.RELEASE.jar:2.0.2.RELEASE]
	at org.springframework.cloud.netflix.ribbon.RibbonClientConfiguration$$EnhancerBySpringCGLIB$$16a96fe.CGLIB$ribbonLoadBalancer$2(<generated>) ~[spring-cloud-netflix-ribbon-2.0.2.RELEASE.jar:2.0.2.RELEASE]
	at org.springframework.cloud.netflix.ribbon.RibbonClientConfiguration$$EnhancerBySpringCGLIB$$16a96fe$$FastClassBySpringCGLIB$$1ef084d8.invoke(<generated>) ~[spring-cloud-netflix-ribbon-2.0.2.RELEASE.jar:2.0.2.RELEASE]
	at org.springframework.cglib.proxy.MethodProxy.invokeSuper(MethodProxy.java:228) [spring-core-5.0.10.RELEASE.jar:5.0.10.RELEASE]
	at org.springframework.context.annotation.ConfigurationClassEnhancer$BeanMethodInterceptor.intercept(ConfigurationClassEnhancer.java:365) [spring-context-5.0.10.RELEASE.jar:5.0.10.RELEASE]
	at org.springframework.cloud.netflix.ribbon.RibbonClientConfiguration$$EnhancerBySpringCGLIB$$16a96fe.ribbonLoadBalancer(<generated>) ~[spring-cloud-netflix-ribbon-2.0.2.RELEASE.jar:2.0.2.RELEASE]
	at sun.reflect.NativeMethodAccessorImpl.invoke0(Native Method) ~[na:1.8.0_221]
	at sun.reflect.NativeMethodAccessorImpl.invoke(NativeMethodAccessorImpl.java:62) ~[na:1.8.0_221]
	at sun.reflect.DelegatingMethodAccessorImpl.invoke(DelegatingMethodAccessorImpl.java:43) ~[na:1.8.0_221]
	at java.lang.reflect.Method.invoke(Method.java:498) ~[na:1.8.0_221]
	at org.springframework.beans.factory.support.SimpleInstantiationStrategy.instantiate(SimpleInstantiationStrategy.java:154) [spring-beans-5.0.10.RELEASE.jar:5.0.10.RELEASE]
	at org.springframework.beans.factory.support.ConstructorResolver.instantiateUsingFactoryMethod(ConstructorResolver.java:583) [spring-beans-5.0.10.RELEASE.jar:5.0.10.RELEASE]
	at org.springframework.beans.factory.support.AbstractAutowireCapableBeanFactory.instantiateUsingFactoryMethod(AbstractAutowireCapableBeanFactory.java:1246) [spring-beans-5.0.10.RELEASE.jar:5.0.10.RELEASE]
	at org.springframework.beans.factory.support.AbstractAutowireCapableBeanFactory.createBeanInstance(AbstractAutowireCapableBeanFactory.java:1096) [spring-beans-5.0.10.RELEASE.jar:5.0.10.RELEASE]
	at org.springframework.beans.factory.support.AbstractAutowireCapableBeanFactory.doCreateBean(AbstractAutowireCapableBeanFactory.java:535) [spring-beans-5.0.10.RELEASE.jar:5.0.10.RELEASE]
	at org.springframework.beans.factory.support.AbstractAutowireCapableBeanFactory.createBean(AbstractAutowireCapableBeanFactory.java:495) [spring-beans-5.0.10.RELEASE.jar:5.0.10.RELEASE]
	at org.springframework.beans.factory.support.AbstractBeanFactory.lambda$doGetBean$0(AbstractBeanFactory.java:317) [spring-beans-5.0.10.RELEASE.jar:5.0.10.RELEASE]
[...]
	at com.netflix.discovery.DiscoveryClient.<init>(DiscoveryClient.java:269) [eureka-client-1.9.3.jar:1.9.3]
	at org.springframework.cloud.netflix.eureka.CloudEurekaClient.<init>(CloudEurekaClient.java:63) [spring-cloud-netflix-eureka-client-2.0.2.RELEASE.jar:2.0.2.RELEASE]
	at org.springframework.cloud.netflix.eureka.EurekaClientAutoConfiguration$RefreshableEurekaClientConfiguration.eurekaClient(EurekaClientAutoConfiguration.java:290) [spring-cloud-netflix-eureka-client-2.0.2.RELEASE.jar:2.0.2.RELEASE]
	at org.springframework.cloud.netflix.eureka.EurekaClientAutoConfiguration$RefreshableEurekaClientConfiguration$$EnhancerBySpringCGLIB$$493c6edc.CGLIB$eurekaClient$2(<generated>) [spring-cloud-netflix-eureka-client-2.0.2.RELEASE.jar:2.0.2.RELEASE]
	at org.springframework.cloud.netflix.eureka.EurekaClientAutoConfiguration$RefreshableEurekaClientConfiguration$$EnhancerBySpringCGLIB$$493c6edc$$FastClassBySpringCGLIB$$c831fb45.invoke(<generated>) [spring-cloud-netflix-eureka-client-2.0.2.RELEASE.jar:2.0.2.RELEASE]
	at org.springframework.cglib.proxy.MethodProxy.invokeSuper(MethodProxy.java:228) [spring-core-5.0.10.RELEASE.jar:5.0.10.RELEASE]
	at org.springframework.context.annotation.ConfigurationClassEnhancer$BeanMethodInterceptor.intercept(ConfigurationClassEnhancer.java:365) [spring-context-5.0.10.RELEASE.jar:5.0.10.RELEASE]
	at org.springframework.cloud.netflix.eureka.EurekaClientAutoConfiguration$RefreshableEurekaClientConfiguration$$EnhancerBySpringCGLIB$$493c6edc.eurekaClient(<generated>) [spring-cloud-netflix-eureka-client-2.0.2.RELEASE.jar:2.0.2.RELEASE]
	at sun.reflect.NativeMethodAccessorImpl.invoke0(Native Method) ~[na:1.8.0_221]
	at sun.reflect.NativeMethodAccessorImpl.invoke(NativeMethodAccessorImpl.java:62) ~[na:1.8.0_221]
	at sun.reflect.DelegatingMethodAccessorImpl.invoke(DelegatingMethodAccessorImpl.java:43) ~[na:1.8.0_221]
	at java.lang.reflect.Method.invoke(Method.java:498) ~[na:1.8.0_221]
	at org.springframework.beans.factory.support.SimpleInstantiationStrategy.instantiate(SimpleInstantiationStrategy.java:154) [spring-beans-5.0.10.RELEASE.jar:5.0.10.RELEASE]
	at org.springframework.beans.factory.support.ConstructorResolver.instantiateUsingFactoryMethod(ConstructorResolver.java:583) [spring-beans-5.0.10.RELEASE.jar:5.0.10.RELEASE]
	at org.springframework.beans.factory.support.AbstractAutowireCapableBeanFactory.instantiateUsingFactoryMethod(AbstractAutowireCapableBeanFactory.java:1246) [spring-beans-5.0.10.RELEASE.jar:5.0.10.RELEASE]
	at org.springframework.beans.factory.support.AbstractAutowireCapableBeanFactory.createBeanInstance(AbstractAutowireCapableBeanFactory.java:1096) [spring-beans-5.0.10.RELEASE.jar:5.0.10.RELEASE]
	at org.springframework.beans.factory.support.AbstractAutowireCapableBeanFactory.doCreateBean(AbstractAutowireCapableBeanFactory.java:535) [spring-beans-5.0.10.RELEASE.jar:5.0.10.RELEASE]
	at org.springframework.beans.factory.support.AbstractAutowireCapableBeanFactory.createBean(AbstractAutowireCapableBeanFactory.java:495) [spring-beans-5.0.10.RELEASE.jar:5.0.10.RELEASE]
	at org.springframework.beans.factory.support.AbstractBeanFactory.lambda$doGetBean$1(AbstractBeanFactory.java:353) [spring-beans-5.0.10.RELEASE.jar:5.0.10.RELEASE]
	at org.springframework.cloud.context.scope.GenericScope$BeanLifecycleWrapper.getBean(GenericScope.java:390) ~[spring-cloud-context-2.0.2.RELEASE.jar:2.0.2.RELEASE]
	at org.springframework.cloud.context.scope.GenericScope.get(GenericScope.java:184) ~[spring-cloud-context-2.0.2.RELEASE.jar:2.0.2.RELEASE]
	at org.springframework.beans.factory.support.AbstractBeanFactory.doGetBean(AbstractBeanFactory.java:350) [spring-beans-5.0.10.RELEASE.jar:5.0.10.RELEASE]
	at org.springframework.beans.factory.support.AbstractBeanFactory.getBean(AbstractBeanFactory.java:199) [spring-beans-5.0.10.RELEASE.jar:5.0.10.RELEASE]
	at org.springframework.aop.target.SimpleBeanTargetSource.getTarget(SimpleBeanTargetSource.java:35) ~[spring-aop-5.0.10.RELEASE.jar:5.0.10.RELEASE]
	at org.springframework.aop.framework.JdkDynamicAopProxy.invoke(JdkDynamicAopProxy.java:193) ~[spring-aop-5.0.10.RELEASE.jar:5.0.10.RELEASE]
	at com.sun.proxy.$Proxy132.getInstancesByVipAddress(Unknown Source) ~[na:na]
	at com.netflix.niws.loadbalancer.DiscoveryEnabledNIWSServerList.obtainServersViaDiscovery(DiscoveryEnabledNIWSServerList.java:167) ~[ribbon-eureka-2.2.5.jar:2.2.5]
	at com.netflix.niws.loadbalancer.DiscoveryEnabledNIWSServerList.getUpdatedListOfServers(DiscoveryEnabledNIWSServerList.java:152) ~[ribbon-eureka-2.2.5.jar:2.2.5]
	at org.springframework.cloud.netflix.ribbon.eureka.DomainExtractingServerList.getUpdatedListOfServers(DomainExtractingServerList.java:57) ~[spring-cloud-netflix-eureka-client-2.0.2.RELEASE.jar:2.0.2.RELEASE]
	at com.netflix.loadbalancer.DynamicServerListLoadBalancer.updateListOfServers(DynamicServerListLoadBalancer.java:240) ~[ribbon-loadbalancer-2.2.5.jar:2.2.5]
	at com.netflix.loadbalancer.DynamicServerListLoadBalancer.restOfInit(DynamicServerListLoadBalancer.java:144) ~[ribbon-loadbalancer-2.2.5.jar:2.2.5]
	at com.netflix.loadbalancer.DynamicServerListLoadBalancer.<init>(DynamicServerListLoadBalancer.java:95) ~[ribbon-loadbalancer-2.2.5.jar:2.2.5]
	at com.netflix.loadbalancer.ZoneAwareLoadBalancer.<init>(ZoneAwareLoadBalancer.java:82) ~[ribbon-loadbalancer-2.2.5.jar:2.2.5]
	at org.springframework.cloud.netflix.ribbon.RibbonClientConfiguration.ribbonLoadBalancer(RibbonClientConfiguration.java:137) ~[spring-cloud-netflix-ribbon-2.0.2.RELEASE.jar:2.0.2.RELEASE]
	at org.springframework.cloud.netflix.ribbon.RibbonClientConfiguration$$EnhancerBySpringCGLIB$$16a96fe.CGLIB$ribbonLoadBalancer$2(<generated>) ~[spring-cloud-netflix-ribbon-2.0.2.RELEASE.jar:2.0.2.RELEASE]
	at org.springframework.cloud.netflix.ribbon.RibbonClientConfiguration$$EnhancerBySpringCGLIB$$16a96fe$$FastClassBySpringCGLIB$$1ef084d8.invoke(<generated>) ~[spring-cloud-netflix-ribbon-2.0.2.RELEASE.jar:2.0.2.RELEASE]
	at org.springframework.cglib.proxy.MethodProxy.invokeSuper(MethodProxy.java:228) [spring-core-5.0.10.RELEASE.jar:5.0.10.RELEASE]
	at org.springframework.context.annotation.ConfigurationClassEnhancer$BeanMethodInterceptor.intercept(ConfigurationClassEnhancer.java:365) [spring-context-5.0.10.RELEASE.jar:5.0.10.RELEASE]
	at org.springframework.cloud.netflix.ribbon.RibbonClientConfiguration$$EnhancerBySpringCGLIB$$16a96fe.ribbonLoadBalancer(<generated>) ~[spring-cloud-netflix-ribbon-2.0.2.RELEASE.jar:2.0.2.RELEASE]
	at sun.reflect.NativeMethodAccessorImpl.invoke0(Native Method) ~[na:1.8.0_221]
	at sun.reflect.NativeMethodAccessorImpl.invoke(NativeMethodAccessorImpl.java:62) ~[na:1.8.0_221]
	at sun.reflect.DelegatingMethodAccessorImpl.invoke(DelegatingMethodAccessorImpl.java:43) ~[na:1.8.0_221]
	at java.lang.reflect.Method.invoke(Method.java:498) ~[na:1.8.0_221]
	at org.springframework.beans.factory.support.SimpleInstantiationStrategy.instantiate(SimpleInstantiationStrategy.java:154) [spring-beans-5.0.10.RELEASE.jar:5.0.10.RELEASE]
	at org.springframework.beans.factory.support.ConstructorResolver.instantiateUsingFactoryMethod(ConstructorResolver.java:583) [spring-beans-5.0.10.RELEASE.jar:5.0.10.RELEASE]
	at org.springframework.beans.factory.support.AbstractAutowireCapableBeanFactory.instantiateUsingFactoryMethod(AbstractAutowireCapableBeanFactory.java:1246) [spring-beans-5.0.10.RELEASE.jar:5.0.10.RELEASE]
	at org.springframework.beans.factory.support.AbstractAutowireCapableBeanFactory.createBeanInstance(AbstractAutowireCapableBeanFactory.java:1096) [spring-beans-5.0.10.RELEASE.jar:5.0.10.RELEASE]
	at org.springframework.beans.factory.support.AbstractAutowireCapableBeanFactory.doCreateBean(AbstractAutowireCapableBeanFactory.java:535) [spring-beans-5.0.10.RELEASE.jar:5.0.10.RELEASE]
	at org.springframework.beans.factory.support.AbstractAutowireCapableBeanFactory.createBean(AbstractAutowireCapableBeanFactory.java:495) [spring-beans-5.0.10.RELEASE.jar:5.0.10.RELEASE]
	at org.springframework.beans.factory.support.AbstractBeanFactory.lambda$doGetBean$0(AbstractBeanFactory.java:317) [spring-beans-5.0.10.RELEASE.jar:5.0.10.RELEASE]
	at org.springframework.beans.factory.support.DefaultSingletonBeanRegistry.getSingleton(DefaultSingletonBeanRegistry.java:222) ~[spring-beans-5.0.10.RELEASE.jar:5.0.10.RELEASE]
	at org.springframework.beans.factory.support.AbstractBeanFactory.doGetBean(AbstractBeanFactory.java:315) [spring-beans-5.0.10.RELEASE.jar:5.0.10.RELEASE]
	at org.springframework.beans.factory.support.AbstractBeanFactory.getBean(AbstractBeanFactory.java:199) [spring-beans-5.0.10.RELEASE.jar:5.0.10.RELEASE]
	at org.springframework.beans.factory.config.DependencyDescriptor.resolveCandidate(DependencyDescriptor.java:251) ~[spring-beans-5.0.10.RELEASE.jar:5.0.10.RELEASE]
	at org.springframework.beans.factory.support.DefaultListableBeanFactory.doResolveDependency(DefaultListableBeanFactory.java:1135) ~[spring-beans-5.0.10.RELEASE.jar:5.0.10.RELEASE]
	at org.springframework.beans.factory.support.DefaultListableBeanFactory.resolveDependency(DefaultListableBeanFactory.java:1062) ~[spring-beans-5.0.10.RELEASE.jar:5.0.10.RELEASE]
	at org.springframework.beans.factory.support.ConstructorResolver.resolveAutowiredArgument(ConstructorResolver.java:819) [spring-beans-5.0.10.RELEASE.jar:5.0.10.RELEASE]
	at org.springframework.beans.factory.support.ConstructorResolver.createArgumentArray(ConstructorResolver.java:725) [spring-beans-5.0.10.RELEASE.jar:5.0.10.RELEASE]
	at org.springframework.beans.factory.support.ConstructorResolver.instantiateUsingFactoryMethod(ConstructorResolver.java:475) [spring-beans-5.0.10.RELEASE.jar:5.0.10.RELEASE]
	at org.springframework.beans.factory.support.AbstractAutowireCapableBeanFactory.instantiateUsingFactoryMethod(AbstractAutowireCapableBeanFactory.java:1246) [spring-beans-5.0.10.RELEASE.jar:5.0.10.RELEASE]
	at org.springframework.beans.factory.support.AbstractAutowireCapableBeanFactory.createBeanInstance(AbstractAutowireCapableBeanFactory.java:1096) [spring-beans-5.0.10.RELEASE.jar:5.0.10.RELEASE]
	at org.springframework.beans.factory.support.AbstractAutowireCapableBeanFactory.doCreateBean(AbstractAutowireCapableBeanFactory.java:535) [spring-beans-5.0.10.RELEASE.jar:5.0.10.RELEASE]
	at org.springframework.beans.factory.support.AbstractAutowireCapableBeanFactory.createBean(AbstractAutowireCapableBeanFactory.java:495) [spring-beans-5.0.10.RELEASE.jar:5.0.10.RELEASE]
	at org.springframework.beans.factory.support.AbstractBeanFactory.lambda$doGetBean$0(AbstractBeanFactory.java:317) [spring-beans-5.0.10.RELEASE.jar:5.0.10.RELEASE]
	at org.springframework.beans.factory.support.DefaultSingletonBeanRegistry.getSingleton(DefaultSingletonBeanRegistry.java:222) ~[spring-beans-5.0.10.RELEASE.jar:5.0.10.RELEASE]
	at org.springframework.beans.factory.support.AbstractBeanFactory.doGetBean(AbstractBeanFactory.java:315) [spring-beans-5.0.10.RELEASE.jar:5.0.10.RELEASE]
	at org.springframework.beans.factory.support.AbstractBeanFactory.getBean(AbstractBeanFactory.java:199) [spring-beans-5.0.10.RELEASE.jar:5.0.10.RELEASE]
	at org.springframework.beans.factory.support.DefaultListableBeanFactory.preInstantiateSingletons(DefaultListableBeanFactory.java:759) ~[spring-beans-5.0.10.RELEASE.jar:5.0.10.RELEASE]
	at org.springframework.context.support.AbstractApplicationContext.finishBeanFactoryInitialization(AbstractApplicationContext.java:867) ~[spring-context-5.0.10.RELEASE.jar:5.0.10.RELEASE]
	at org.springframework.context.support.AbstractApplicationContext.refresh(AbstractApplicationContext.java:548) ~[spring-context-5.0.10.RELEASE.jar:5.0.10.RELEASE]
	at org.springframework.cloud.context.named.NamedContextFactory.createContext(NamedContextFactory.java:117) ~[spring-cloud-context-2.0.2.RELEASE.jar:2.0.2.RELEASE]
	at org.springframework.cloud.context.named.NamedContextFactory.getContext(NamedContextFactory.java:85) ~[spring-cloud-context-2.0.2.RELEASE.jar:2.0.2.RELEASE]
	at org.springframework.cloud.netflix.ribbon.SpringClientFactory.getContext(SpringClientFactory.java:118) ~[spring-cloud-netflix-ribbon-2.0.2.RELEASE.jar:2.0.2.RELEASE]
	at org.springframework.cloud.context.named.NamedContextFactory.getInstance(NamedContextFactory.java:126) ~[spring-cloud-context-2.0.2.RELEASE.jar:2.0.2.RELEASE]
	at org.springframework.cloud.netflix.ribbon.SpringClientFactory.getInstance(SpringClientFactory.java:108) ~[spring-cloud-netflix-ribbon-2.0.2.RELEASE.jar:2.0.2.RELEASE]
	at org.springframework.cloud.netflix.ribbon.SpringClientFactory.getClientConfig(SpringClientFactory.java:65) ~[spring-cloud-netflix-ribbon-2.0.2.RELEASE.jar:2.0.2.RELEASE]
	at org.springframework.cloud.openfeign.ribbon.LoadBalancerFeignClient.getClientConfig(LoadBalancerFeignClient.java:78) ~[spring-cloud-openfeign-core-2.0.2.RELEASE.jar:2.0.2.RELEASE]
	at org.springframework.cloud.openfeign.ribbon.LoadBalancerFeignClient.execute(LoadBalancerFeignClient.java:62) ~[spring-cloud-openfeign-core-2.0.2.RELEASE.jar:2.0.2.RELEASE]
	at feign.SynchronousMethodHandler.executeAndDecode(SynchronousMethodHandler.java:98) ~[feign-core-9.7.0.jar:na]
	at feign.SynchronousMethodHandler.invoke(SynchronousMethodHandler.java:77) ~[feign-core-9.7.0.jar:na]
	at feign.ReflectiveFeign$FeignInvocationHandler.invoke(ReflectiveFeign.java:102) ~[feign-core-9.7.0.jar:na]
	at com.sun.proxy.$Proxy108.querySpuBoByPage(Unknown Source) ~[na:na]
	at com.leyou.search.client.GoodsApiTest.buildGoods(GoodsApiTest.java:58) ~[test-classes/:na]
	at sun.reflect.NativeMethodAccessorImpl.invoke0(Native Method) ~[na:1.8.0_221]
	at sun.reflect.NativeMethodAccessorImpl.invoke(NativeMethodAccessorImpl.java:62) ~[na:1.8.0_221]
	at sun.reflect.DelegatingMethodAccessorImpl.invoke(DelegatingMethodAccessorImpl.java:43) ~[na:1.8.0_221]
	at java.lang.reflect.Method.invoke(Method.java:498) ~[na:1.8.0_221]
	at org.junit.runners.model.FrameworkMethod$1.runReflectiveCall(FrameworkMethod.java:50) ~[junit-4.12.jar:4.12]
	at org.junit.internal.runners.model.ReflectiveCallable.run(ReflectiveCallable.java:12) ~[junit-4.12.jar:4.12]
	at org.junit.runners.model.FrameworkMethod.invokeExplosively(FrameworkMethod.java:47) ~[junit-4.12.jar:4.12]
	at org.junit.internal.runners.statements.InvokeMethod.evaluate(InvokeMethod.java:17) ~[junit-4.12.jar:4.12]
	at org.springframework.test.context.junit4.statements.RunBeforeTestExecutionCallbacks.evaluate(RunBeforeTestExecutionCallbacks.java:73) ~[spring-test-5.0.10.RELEASE.jar:5.0.10.RELEASE]
	at org.springframework.test.context.junit4.statements.RunAfterTestExecutionCallbacks.evaluate(RunAfterTestExecutionCallbacks.java:83) ~[spring-test-5.0.10.RELEASE.jar:5.0.10.RELEASE]
	at org.springframework.test.context.junit4.statements.RunBeforeTestMethodCallbacks.evaluate(RunBeforeTestMethodCallbacks.java:75) ~[spring-test-5.0.10.RELEASE.jar:5.0.10.RELEASE]
	at org.springframework.test.context.junit4.statements.RunAfterTestMethodCallbacks.evaluate(RunAfterTestMethodCallbacks.java:86) ~[spring-test-5.0.10.RELEASE.jar:5.0.10.RELEASE]
	at org.springframework.test.context.junit4.statements.SpringRepeat.evaluate(SpringRepeat.java:84) ~[spring-test-5.0.10.RELEASE.jar:5.0.10.RELEASE]
	at org.junit.runners.ParentRunner.runLeaf(ParentRunner.java:325) ~[junit-4.12.jar:4.12]
	at org.springframework.test.context.junit4.SpringJUnit4ClassRunner.runChild(SpringJUnit4ClassRunner.java:251) ~[spring-test-5.0.10.RELEASE.jar:5.0.10.RELEASE]
	at org.springframework.test.context.junit4.SpringJUnit4ClassRunner.runChild(SpringJUnit4ClassRunner.java:97) ~[spring-test-5.0.10.RELEASE.jar:5.0.10.RELEASE]
	at org.junit.runners.ParentRunner$3.run(ParentRunner.java:290) ~[junit-4.12.jar:4.12]
	at org.junit.runners.ParentRunner$1.schedule(ParentRunner.java:71) ~[junit-4.12.jar:4.12]
	at org.junit.runners.ParentRunner.runChildren(ParentRunner.java:288) ~[junit-4.12.jar:4.12]
	at org.junit.runners.ParentRunner.access$000(ParentRunner.java:58) ~[junit-4.12.jar:4.12]
	at org.junit.runners.ParentRunner$2.evaluate(ParentRunner.java:268) ~[junit-4.12.jar:4.12]
	at org.springframework.test.context.junit4.statements.RunBeforeTestClassCallbacks.evaluate(RunBeforeTestClassCallbacks.java:61) ~[spring-test-5.0.10.RELEASE.jar:5.0.10.RELEASE]
	at org.springframework.test.context.junit4.statements.RunAfterTestClassCallbacks.evaluate(RunAfterTestClassCallbacks.java:70) ~[spring-test-5.0.10.RELEASE.jar:5.0.10.RELEASE]
	at org.junit.runners.ParentRunner.run(ParentRunner.java:363) ~[junit-4.12.jar:4.12]
	at org.springframework.test.context.junit4.SpringJUnit4ClassRunner.run(SpringJUnit4ClassRunner.java:190) ~[spring-test-5.0.10.RELEASE.jar:5.0.10.RELEASE]
	at org.apache.maven.surefire.junit4.JUnit4Provider.execute(JUnit4Provider.java:365) ~[surefire-junit4-2.21.0.jar:2.21.0]
	at org.apache.maven.surefire.junit4.JUnit4Provider.executeWithRerun(JUnit4Provider.java:273) ~[surefire-junit4-2.21.0.jar:2.21.0]
	at org.apache.maven.surefire.junit4.JUnit4Provider.executeTestSet(JUnit4Provider.java:238) ~[surefire-junit4-2.21.0.jar:2.21.0]
	at org.apache.maven.surefire.junit4.JUnit4Provider.invoke(JUnit4Provider.java:159) ~[surefire-junit4-2.21.0.jar:2.21.0]
	at org.apache.maven.surefire.booter.ForkedBooter.invokeProviderInSameClassLoader(ForkedBooter.java:379) ~[surefire-booter-2.21.0.jar:2.21.0]
	at org.apache.maven.surefire.booter.ForkedBooter.runSuitesInProcess(ForkedBooter.java:340) ~[surefire-booter-2.21.0.jar:2.21.0]
	at org.apache.maven.surefire.booter.ForkedBooter.execute(ForkedBooter.java:125) ~[surefire-booter-2.21.0.jar:2.21.0]
	at org.apache.maven.surefire.booter.ForkedBooter.main(ForkedBooter.java:413) ~[surefire-booter-2.21.0.jar:2.21.0]

2021-10-16 21:24:15.281  WARN 17196 --- [           main] com.netflix.discovery.DiscoveryClient    : Using default backup registry implementation which does not do anything.
2021-10-16 21:24:15.288  INFO 17196 --- [           main] com.netflix.discovery.DiscoveryClient    : Starting heartbeat executor: renew interval is: 5
2021-10-16 21:24:15.298  INFO 17196 --- [           main] c.n.discovery.InstanceInfoReplicator     : InstanceInfoReplicator onDemand update allowed rate per min is 4
2021-10-16 21:24:15.310  INFO 17196 --- [           main] com.netflix.discovery.DiscoveryClient    : Discovery Client initialized at timestamp 1634390655305 with initial instances count: 0
2021-10-16 21:24:15.323  INFO 17196 --- [           main] c.n.l.DynamicServerListLoadBalancer      : DynamicServerListLoadBalancer for client item initialized: DynamicServerListLoadBalancer:{NFLoadBalancer:name=item,current list of Servers=[],Load balancer stats=Zone stats: {},Server stats: []}ServerList:org.springframework.cloud.netflix.ribbon.eureka.DomainExtractingServerList@1dd9a3ae
]]></system-out>
  </testcase>
  <testcase name="querySkuBySpuId" classname="com.leyou.search.client.GoodsApiTest" time="0">
    <error message="com.netflix.client.ClientException: Load balancer does not have available server for client: item" type="java.lang.RuntimeException">java.lang.RuntimeException: com.netflix.client.ClientException: Load balancer does not have available server for client: item
	at com.leyou.search.client.GoodsApiTest.querySkuBySpuId(GoodsApiTest.java:39)
Caused by: com.netflix.client.ClientException: Load balancer does not have available server for client: item
	at com.leyou.search.client.GoodsApiTest.querySkuBySpuId(GoodsApiTest.java:39)
</error>
  </testcase>
  <testcase name="createElasticsearchIndex" classname="com.leyou.search.client.GoodsApiTest" time="0.009">
    <error message="None of the configured nodes are available: [{#transport#-1}{hMNgBmiXQKKtIMu0wlfBmA}{127.0.0.1}{127.0.0.1:9300}]" type="org.elasticsearch.client.transport.NoNodeAvailableException">org.elasticsearch.client.transport.NoNodeAvailableException: None of the configured nodes are available: [{#transport#-1}{hMNgBmiXQKKtIMu0wlfBmA}{127.0.0.1}{127.0.0.1:9300}]
	at com.leyou.search.client.GoodsApiTest.createElasticsearchIndex(GoodsApiTest.java:45)
</error>
  </testcase>
</testsuite>